

================================================================
== Vitis HLS Report for 'fir'
================================================================
* Date:           Thu Oct  7 19:22:55 2021

* Version:        2021.1 (Build 3247384 on Thu Jun 10 19:36:33 MDT 2021)
* Project:        Project1_FIR128
* Solution:       solution1 (Vitis Kernel Flow Target)
* Product family: virtexuplus
* Target device:  xcvu29p-fsga2577-2L-e


================================================================
== Performance Estimates
================================================================
+ Timing: 
    * Summary: 
    +--------+----------+----------+------------+
    |  Clock |  Target  | Estimated| Uncertainty|
    +--------+----------+----------+------------+
    |ap_clk  |  10.00 ns|  7.300 ns|     2.70 ns|
    +--------+----------+----------+------------+

+ Latency: 
    * Summary: 
    +---------+---------+----------+----------+-----+-----+---------+
    |  Latency (cycles) |  Latency (absolute) |  Interval | Pipeline|
    |   min   |   max   |    min   |    max   | min | max |   Type  |
    +---------+---------+----------+----------+-----+-----+---------+
    |      456|      456|  4.560 us|  4.560 us|  457|  457|       no|
    +---------+---------+----------+----------+-----+-----+---------+

    + Detail: 
        * Instance: 
        N/A

        * Loop: 
        +--------------------+---------+---------+----------+-----------+-----------+------+----------+
        |                    |  Latency (cycles) | Iteration|  Initiation Interval  | Trip |          |
        |      Loop Name     |   min   |   max   |  Latency |  achieved |   target  | Count| Pipelined|
        +--------------------+---------+---------+----------+-----------+-----------+------+----------+
        |- Shift_Accum_Loop  |      385|      385|         5|          3|          3|   128|       yes|
        +--------------------+---------+---------+----------+-----------+-----------+------+----------+



================================================================
== Utilization Estimates
================================================================
* Summary: 
+---------------------+---------+-------+---------+---------+------+
|         Name        | BRAM_18K|  DSP  |    FF   |   LUT   | URAM |
+---------------------+---------+-------+---------+---------+------+
|DSP                  |        -|      1|        -|        -|     -|
|Expression           |        -|      -|        0|       19|     -|
|FIFO                 |        -|      -|        -|        -|     -|
|Instance             |        2|      -|      656|      812|     0|
|Memory               |        0|      -|       24|       50|     0|
|Multiplexer          |        -|      -|        -|      421|     -|
|Register             |        -|      -|      107|        -|     -|
+---------------------+---------+-------+---------+---------+------+
|Total                |        2|      1|      787|     1302|     0|
+---------------------+---------+-------+---------+---------+------+
|Available SLR        |     1344|   3072|   864000|   432000|   320|
+---------------------+---------+-------+---------+---------+------+
|Utilization SLR (%)  |       ~0|     ~0|       ~0|       ~0|     0|
+---------------------+---------+-------+---------+---------+------+
|Available            |     5376|  12288|  3456000|  1728000|  1280|
+---------------------+---------+-------+---------+---------+------+
|Utilization (%)      |       ~0|     ~0|       ~0|       ~0|     0|
+---------------------+---------+-------+---------+---------+------+

+ Detail: 
    * Instance: 
    +-----------------+---------------+---------+----+-----+-----+-----+
    |     Instance    |     Module    | BRAM_18K| DSP|  FF | LUT | URAM|
    +-----------------+---------------+---------+----+-----+-----+-----+
    |control_s_axi_U  |control_s_axi  |        0|   0|  144|  232|    0|
    |gmem_m_axi_U     |gmem_m_axi     |        2|   0|  512|  580|    0|
    +-----------------+---------------+---------+----+-----+-----+-----+
    |Total            |               |        2|   0|  656|  812|    0|
    +-----------------+---------------+---------+----+-----+-----+-----+

    * DSP: 
    +----------------------------------+-------------------------------+--------------+
    |             Instance             |             Module            |  Expression  |
    +----------------------------------+-------------------------------+--------------+
    |mac_muladd_5s_10s_10ns_10_4_1_U1  |mac_muladd_5s_10s_10ns_10_4_1  |  i0 * i1 + i2|
    +----------------------------------+-------------------------------+--------------+

    * Memory: 
    +---------------+-------------+---------+----+----+-----+------+-----+------+-------------+
    |     Memory    |    Module   | BRAM_18K| FF | LUT| URAM| Words| Bits| Banks| W*Bits*Banks|
    +---------------+-------------+---------+----+----+-----+------+-----+------+-------------+
    |c_U            |c            |        0|   8|  17|    0|   128|    5|     1|          640|
    |shift_reg_V_U  |shift_reg_V  |        0|  16|  33|    0|   128|   10|     1|         1280|
    +---------------+-------------+---------+----+----+-----+------+-----+------+-------------+
    |Total          |             |        0|  24|  50|    0|   256|   15|     2|         1920|
    +---------------+-------------+---------+----+----+-----+------+-----+------+-------------+

    * FIFO: 
    N/A

    * Expression: 
    +--------------------+----------+----+---+----+------------+------------+
    |    Variable Name   | Operation| DSP| FF| LUT| Bitwidth P0| Bitwidth P1|
    +--------------------+----------+----+---+----+------------+------------+
    |add_ln33_fu_182_p2  |         +|   0|  0|  15|           8|           2|
    |ap_block_state1     |        or|   0|  0|   2|           1|           1|
    |ap_enable_pp0       |       xor|   0|  0|   2|           1|           2|
    +--------------------+----------+----+---+----+------------+------------+
    |Total               |          |   0|  0|  19|          10|           5|
    +--------------------+----------+----+---+----+------------+------------+

    * Multiplexer: 
    +-------------------------+-----+-----------+-----+-----------+
    |           Name          | LUT | Input Size| Bits| Total Bits|
    +-------------------------+-----+-----------+-----+-----------+
    |acc_V_fu_88              |    9|          2|   10|         20|
    |ap_NS_fsm                |  344|         75|    1|         75|
    |ap_done                  |    9|          2|    1|          2|
    |ap_enable_reg_pp0_iter1  |    9|          2|    1|          2|
    |gmem_blk_n_AW            |    9|          2|    1|          2|
    |gmem_blk_n_B             |    9|          2|    1|          2|
    |gmem_blk_n_W             |    9|          2|    1|          2|
    |i_fu_92                  |    9|          2|    8|         16|
    |shift_reg_V_address0     |   14|          3|    7|         21|
    +-------------------------+-----+-----------+-----+-----------+
    |Total                    |  421|         92|   31|        142|
    +-------------------------+-----+-----------+-----+-----------+

    * Register: 
    +-------------------------+----+----+-----+-----------+
    |           Name          | FF | LUT| Bits| Const Bits|
    +-------------------------+----+----+-----+-----------+
    |acc_V_fu_88              |  10|   0|   10|          0|
    |ap_CS_fsm                |  74|   0|   74|          0|
    |ap_done_reg              |   1|   0|    1|          0|
    |ap_enable_reg_pp0_iter0  |   1|   0|    1|          0|
    |ap_enable_reg_pp0_iter1  |   1|   0|    1|          0|
    |ap_rst_n_inv             |   1|   0|    1|          0|
    |ap_rst_reg_1             |   1|   0|    1|          0|
    |ap_rst_reg_2             |   1|   0|    1|          0|
    |i_fu_92                  |   8|   0|    8|          0|
    |tmp_reg_259              |   1|   0|    1|          0|
    |zext_ln33_reg_263        |   8|   0|   64|         56|
    +-------------------------+----+----+-----+-----------+
    |Total                    | 107|   0|  163|         56|
    +-------------------------+----+----+-----+-----------+



================================================================
== Interface
================================================================
* Summary: 
+-----------------------+-----+-----+---------------+--------------+--------------+
|       RTL Ports       | Dir | Bits|    Protocol   | Source Object|    C Type    |
+-----------------------+-----+-----+---------------+--------------+--------------+
|s_axi_control_AWVALID  |   in|    1|          s_axi|       control|        scalar|
|s_axi_control_AWREADY  |  out|    1|          s_axi|       control|        scalar|
|s_axi_control_AWADDR   |   in|    6|          s_axi|       control|        scalar|
|s_axi_control_WVALID   |   in|    1|          s_axi|       control|        scalar|
|s_axi_control_WREADY   |  out|    1|          s_axi|       control|        scalar|
|s_axi_control_WDATA    |   in|   32|          s_axi|       control|        scalar|
|s_axi_control_WSTRB    |   in|    4|          s_axi|       control|        scalar|
|s_axi_control_ARVALID  |   in|    1|          s_axi|       control|        scalar|
|s_axi_control_ARREADY  |  out|    1|          s_axi|       control|        scalar|
|s_axi_control_ARADDR   |   in|    6|          s_axi|       control|        scalar|
|s_axi_control_RVALID   |  out|    1|          s_axi|       control|        scalar|
|s_axi_control_RREADY   |   in|    1|          s_axi|       control|        scalar|
|s_axi_control_RDATA    |  out|   32|          s_axi|       control|        scalar|
|s_axi_control_RRESP    |  out|    2|          s_axi|       control|        scalar|
|s_axi_control_BVALID   |  out|    1|          s_axi|       control|        scalar|
|s_axi_control_BREADY   |   in|    1|          s_axi|       control|        scalar|
|s_axi_control_BRESP    |  out|    2|          s_axi|       control|        scalar|
|ap_clk                 |   in|    1|  ap_ctrl_chain|           fir|  return value|
|ap_rst_n               |   in|    1|  ap_ctrl_chain|           fir|  return value|
|interrupt              |  out|    1|  ap_ctrl_chain|           fir|  return value|
|m_axi_gmem_AWVALID     |  out|    1|          m_axi|          gmem|       pointer|
|m_axi_gmem_AWREADY     |   in|    1|          m_axi|          gmem|       pointer|
|m_axi_gmem_AWADDR      |  out|   64|          m_axi|          gmem|       pointer|
|m_axi_gmem_AWID        |  out|    1|          m_axi|          gmem|       pointer|
|m_axi_gmem_AWLEN       |  out|    8|          m_axi|          gmem|       pointer|
|m_axi_gmem_AWSIZE      |  out|    3|          m_axi|          gmem|       pointer|
|m_axi_gmem_AWBURST     |  out|    2|          m_axi|          gmem|       pointer|
|m_axi_gmem_AWLOCK      |  out|    2|          m_axi|          gmem|       pointer|
|m_axi_gmem_AWCACHE     |  out|    4|          m_axi|          gmem|       pointer|
|m_axi_gmem_AWPROT      |  out|    3|          m_axi|          gmem|       pointer|
|m_axi_gmem_AWQOS       |  out|    4|          m_axi|          gmem|       pointer|
|m_axi_gmem_AWREGION    |  out|    4|          m_axi|          gmem|       pointer|
|m_axi_gmem_AWUSER      |  out|    1|          m_axi|          gmem|       pointer|
|m_axi_gmem_WVALID      |  out|    1|          m_axi|          gmem|       pointer|
|m_axi_gmem_WREADY      |   in|    1|          m_axi|          gmem|       pointer|
|m_axi_gmem_WDATA       |  out|   32|          m_axi|          gmem|       pointer|
|m_axi_gmem_WSTRB       |  out|    4|          m_axi|          gmem|       pointer|
|m_axi_gmem_WLAST       |  out|    1|          m_axi|          gmem|       pointer|
|m_axi_gmem_WID         |  out|    1|          m_axi|          gmem|       pointer|
|m_axi_gmem_WUSER       |  out|    1|          m_axi|          gmem|       pointer|
|m_axi_gmem_ARVALID     |  out|    1|          m_axi|          gmem|       pointer|
|m_axi_gmem_ARREADY     |   in|    1|          m_axi|          gmem|       pointer|
|m_axi_gmem_ARADDR      |  out|   64|          m_axi|          gmem|       pointer|
|m_axi_gmem_ARID        |  out|    1|          m_axi|          gmem|       pointer|
|m_axi_gmem_ARLEN       |  out|    8|          m_axi|          gmem|       pointer|
|m_axi_gmem_ARSIZE      |  out|    3|          m_axi|          gmem|       pointer|
|m_axi_gmem_ARBURST     |  out|    2|          m_axi|          gmem|       pointer|
|m_axi_gmem_ARLOCK      |  out|    2|          m_axi|          gmem|       pointer|
|m_axi_gmem_ARCACHE     |  out|    4|          m_axi|          gmem|       pointer|
|m_axi_gmem_ARPROT      |  out|    3|          m_axi|          gmem|       pointer|
|m_axi_gmem_ARQOS       |  out|    4|          m_axi|          gmem|       pointer|
|m_axi_gmem_ARREGION    |  out|    4|          m_axi|          gmem|       pointer|
|m_axi_gmem_ARUSER      |  out|    1|          m_axi|          gmem|       pointer|
|m_axi_gmem_RVALID      |   in|    1|          m_axi|          gmem|       pointer|
|m_axi_gmem_RREADY      |  out|    1|          m_axi|          gmem|       pointer|
|m_axi_gmem_RDATA       |   in|   32|          m_axi|          gmem|       pointer|
|m_axi_gmem_RLAST       |   in|    1|          m_axi|          gmem|       pointer|
|m_axi_gmem_RID         |   in|    1|          m_axi|          gmem|       pointer|
|m_axi_gmem_RUSER       |   in|    1|          m_axi|          gmem|       pointer|
|m_axi_gmem_RRESP       |   in|    2|          m_axi|          gmem|       pointer|
|m_axi_gmem_BVALID      |   in|    1|          m_axi|          gmem|       pointer|
|m_axi_gmem_BREADY      |  out|    1|          m_axi|          gmem|       pointer|
|m_axi_gmem_BRESP       |   in|    2|          m_axi|          gmem|       pointer|
|m_axi_gmem_BID         |   in|    1|          m_axi|          gmem|       pointer|
|m_axi_gmem_BUSER       |   in|    1|          m_axi|          gmem|       pointer|
+-----------------------+-----+-----+---------------+--------------+--------------+

