INFO-FLOW: Workspace C:/KevinM/project1/project1/fir128/Project1_FIR128/solution1 opened at Thu Oct 07 19:22:20 -0700 2021
Execute     ap_set_clock -name default -period 10 -default=false 
INFO: [SYN 201-201] Setting up clock 'default' with a period of 10ns.
Execute     set_part xcvu29p-fsga2577-2L-e 
Execute       create_platform xcvu29p-fsga2577-2L-e -board  
DBG:HLSDevice: Trying to load device library: C:/Xilinx/Vitis_HLS/2021.1\lib\win64.o\librdi_hlsvwrap.dll
DBG:HLSDevice: first parts/arch.xml in RDI_DATADIR: C:/Xilinx/Vivado/2021.1/data/parts/arch.xml
DBG:HLSDevice: init success
Execute         source C:/Xilinx/Vitis_HLS/2021.1/common/technology/xilinx/DSP48/dsp48.hlp 
Execute         source C:/Xilinx/Vitis_HLS/2021.1/common/technology/xilinx/DSP48/virtexuplus_dsp48e2.hlp 
INFO: [HLS 200-1611] Setting target device to 'xcvu29p-fsga2577-2L-e'
Command       create_platform done; 3.582 sec.
Execute       source C:/Xilinx/Vitis_HLS/2021.1/common/technology/xilinx/common/xilinx.gen 
Execute         source C:/Xilinx/Vitis_HLS/2021.1/common/technology/xilinx/interface/plb46.gen 
Execute         source C:/Xilinx/Vitis_HLS/2021.1/common/technology/xilinx/interface/axi4.gen 
Execute         source C:/Xilinx/Vitis_HLS/2021.1/common/technology/xilinx/interface/nativeAXI4.gen 
Execute           source C:/Xilinx/Vitis_HLS/2021.1/common/technology/xilinx/interface/saxilite.gen 
Execute           source C:/Xilinx/Vitis_HLS/2021.1/common/technology/xilinx/interface/maxi.gen 
Execute         source C:/Xilinx/Vitis_HLS/2021.1/common/technology/xilinx/scripts/xilinxcoregen.gen 
Execute         source C:/Xilinx/Vitis_HLS/2021.1/common/technology/xilinx/interface/XilEDKCoreGen.gen 
Execute         source C:/Xilinx/Vitis_HLS/2021.1/common/technology/xilinx/ip/dds_compiler.gen 
Execute         source C:/Xilinx/Vitis_HLS/2021.1/common/technology/xilinx/ip/util.gen 
Execute         source C:/Xilinx/Vitis_HLS/2021.1/common/technology/xilinx/ip/xfft.gen 
Command         ap_source done; 0.123 sec.
Execute         source C:/Xilinx/Vitis_HLS/2021.1/common/technology/xilinx/ip/xfir.gen 
Execute         source C:/Xilinx/Vitis_HLS/2021.1/common/technology/xilinx/DSP48/dsp48.gen 
Command       ap_source done; 0.188 sec.
Execute       ap_part_info -name xcvu29p-fsga2577-2L-e -data info 
Execute       config_compile -quiet -complex-mul-dsp=0 
Command     set_part done; 3.833 sec.
Execute     send_msg_by_id INFO @200-1505@%s%s  vitis 
INFO: [HLS 200-1505] Using flow_target 'vitis'
Execute     get_config_interface -m_axi_latency 
Execute     get_config_interface -m_axi_alignment_byte_size 
Execute     get_config_interface -m_axi_max_widen_bitwidth 
Execute     get_config_interface -default_interface 
Execute     get_config_rtl -register_reset_num 
Execute     send_msg_by_id INFO @200-1464@%s config_interface -m_axi_latency=64 
INFO: [HLS 200-1464] Running solution command: config_interface -m_axi_latency=64
Execute     config_interface -m_axi_latency=64 
Execute     send_msg_by_id INFO @200-1464@%s config_interface -m_axi_alignment_byte_size=64 
INFO: [HLS 200-1464] Running solution command: config_interface -m_axi_alignment_byte_size=64
Execute     config_interface -m_axi_alignment_byte_size=64 
Execute     send_msg_by_id INFO @200-1464@%s config_interface -m_axi_max_widen_bitwidth=512 
INFO: [HLS 200-1464] Running solution command: config_interface -m_axi_max_widen_bitwidth=512
Execute     config_interface -m_axi_max_widen_bitwidth=512 
Execute     send_msg_by_id INFO @200-1464@%s config_interface -default_interface=kernel 
INFO: [HLS 200-1464] Running solution command: config_interface -default_interface=kernel
Execute     config_interface -default_interface=kernel 
Execute     send_msg_by_id INFO @200-1464@%s config_rtl -register_reset_num=3 
INFO: [HLS 200-1464] Running solution command: config_rtl -register_reset_num=3
Execute     config_rtl -register_reset_num=3 
Command   open_solution done; 3.88 sec.
Execute   set_part xcvu29p-fsga2577-2L-e 
INFO: [HLS 200-1510] Running: set_part xcvu29p-fsga2577-2L-e 
Execute     create_platform xcvu29p-fsga2577-2L-e -board  
Execute       source C:/Xilinx/Vitis_HLS/2021.1/common/technology/xilinx/DSP48/dsp48.hlp 
Execute       source C:/Xilinx/Vitis_HLS/2021.1/common/technology/xilinx/DSP48/virtexuplus_dsp48e2.hlp 
Execute     source C:/Xilinx/Vitis_HLS/2021.1/common/technology/xilinx/common/xilinx.gen 
Execute       source C:/Xilinx/Vitis_HLS/2021.1/common/technology/xilinx/interface/plb46.gen 
Execute       source C:/Xilinx/Vitis_HLS/2021.1/common/technology/xilinx/interface/axi4.gen 
Execute       source C:/Xilinx/Vitis_HLS/2021.1/common/technology/xilinx/interface/nativeAXI4.gen 
Execute         source C:/Xilinx/Vitis_HLS/2021.1/common/technology/xilinx/interface/saxilite.gen 
Execute         source C:/Xilinx/Vitis_HLS/2021.1/common/technology/xilinx/interface/maxi.gen 
Execute       source C:/Xilinx/Vitis_HLS/2021.1/common/technology/xilinx/scripts/xilinxcoregen.gen 
Execute       source C:/Xilinx/Vitis_HLS/2021.1/common/technology/xilinx/interface/XilEDKCoreGen.gen 
Execute       source C:/Xilinx/Vitis_HLS/2021.1/common/technology/xilinx/ip/dds_compiler.gen 
Execute       source C:/Xilinx/Vitis_HLS/2021.1/common/technology/xilinx/ip/util.gen 
Execute       source C:/Xilinx/Vitis_HLS/2021.1/common/technology/xilinx/ip/xfft.gen 
Command       ap_source done; 0.111 sec.
Execute       source C:/Xilinx/Vitis_HLS/2021.1/common/technology/xilinx/ip/xfir.gen 
Execute       source C:/Xilinx/Vitis_HLS/2021.1/common/technology/xilinx/DSP48/dsp48.gen 
Command     ap_source done; 0.167 sec.
Execute     ap_part_info -name xcvu29p-fsga2577-2L-e -data info 
Execute     config_compile -quiet -complex-mul-dsp=0 
Command   set_part done; 0.263 sec.
Execute   create_clock -period 10 -name default 
INFO: [HLS 200-1510] Running: create_clock -period 10 -name default 
Execute   config_interface -m_axi_alignment_byte_size 64 -m_axi_latency 64 -m_axi_max_widen_bitwidth 512 
INFO: [HLS 200-1510] Running: config_interface -m_axi_alignment_byte_size 64 -m_axi_latency 64 -m_axi_max_widen_bitwidth 512 
Execute   config_rtl -register_reset_num 3 
INFO: [HLS 200-1510] Running: config_rtl -register_reset_num 3 
Execute   csynth_design 
INFO: [HLS 200-1510] Running: csynth_design 
Execute     get_config_compile -effort 
Execute     get_config_compile -enable_clang39 
Execute     get_config_compile -g 
Execute     get_config_compile -hw_syn 
Execute     get_config_compile -ng 
Execute     get_config_compile -opt_fp 
Execute     get_config_compile -skip_cdt 
Execute     get_config_compile -skip_syncheck 
Execute     get_config_compile -skip_transform 
Execute     get_config_compile -pre_tcl 
Execute     get_config_compile -keep_printf 
Execute     elaborate -effort=medium -skip_syncheck=0 -keep_printf=0 -skip_cdt=0 -skip_transform=0 -ng=0 -g=0 -opt_fp=0 -from_csynth_design=1 
INFO: [HLS 200-111] Finished File checks and directory preparation: CPU user time: 0 seconds. CPU system time: 0 seconds. Elapsed time: 0.29 seconds; current allocated memory: 289.175 MB.
INFO: [HLS 200-10] Analyzing design file 'fir.cpp' ... 
INFO-FLOW: Compiling one TU...
Execute       get_config_compile -pragma_strict_mode 
INFO-FLOW: Handling fir.cpp as C++
Execute       ap_part_info -name xcvu29p-fsga2577-2L-e -data info 
INFO-FLOW: Running: GCC PP 39
INFO-FLOW: Source preprocessing
Execute       ap_eval exec -ignorestderr C:/Xilinx/Vitis_HLS/2021.1/win64/tools/clang-3.9-csynth/bin/clang fir.cpp -foptimization-record-file=C:/KevinM/project1/project1/fir128/Project1_FIR128/solution1/.autopilot/db/clang.fir.cpp.diag.yml -mllvm -pass-remarks-missed=reflow|pasta|unroll -mllvm -pass-remarks=reflow|pasta|unroll|inline -fno-limit-debug-info --sysroot C:/Xilinx/Vitis_HLS/2021.1/tps/mingw/6.2.0/win64.o/nt -fhls -fno-exceptions -E -fno-math-errno -c -emit-llvm -mllvm -disable-llvm-optzns -Werror=implicit-function-declaration -Werror=implicit-hls-streams -Werror=return-type -Wpragmas -Wunused-parameter -fno-threadsafe-statics -fno-use-cxa-atexit -std=gnu++14 -target fpga64-xilinx-mingw32 -fno-threadsafe-statics -fno-use-cxa-atexit -I C:/Xilinx/Vitis_HLS/2021.1/common/technology/autopilot/39 -D__VITIS_HLS__ -DAESL_SYN -D__SYNTHESIS__ -D__HLS_SYN__ -I C:/Xilinx/Vitis_HLS/2021.1/common/technology/autopilot -I C:/Xilinx/Vitis_HLS/2021.1/common/technology/autopilot/ap_sysc -include etc/autopilot_ssdm_op.h -D__DSP48E2__ -I /usr/include/x86_64-linux-gnu -o C:/KevinM/project1/project1/fir128/Project1_FIR128/solution1/.autopilot/db/fir.pp.0.cpp -hls-platform-db-name=C:/Xilinx/Vitis_HLS/2021.1/common/technology/xilinx/common/platform.db -hls-platform-name=virtexuplus_medium > C:/KevinM/project1/project1/fir128/Project1_FIR128/solution1/.autopilot/db/clang.fir.cpp.out.log 2> C:/KevinM/project1/project1/fir128/Project1_FIR128/solution1/.autopilot/db/clang.fir.cpp.err.log 
Command       ap_eval done; 1.464 sec.
INFO-FLOW: Done: GCC PP 39 time: 1.5 seconds per iteration
Execute       set_directive_top fir -name=fir 
Execute       source C:/Xilinx/Vitis_HLS/2021.1/tps/tcl/tcllib1.11.1/yaml/huddle.tcl 
Execute       source C:/Xilinx/Vitis_HLS/2021.1/tps/tcl/tcllib1.11.1/yaml/json2huddle.tcl 
Execute         source C:/Xilinx/Vitis_HLS/2021.1/tps/tcl/tcllib1.11.1/try/try.tcl 
Execute       list_core -type functional_unit 
Execute       ap_eval exec -ignorestderr C:/Xilinx/Vitis_HLS/2021.1/win64/tools/clang-3.9-csynth/bin/clang -foptimization-record-file=C:/KevinM/project1/project1/fir128/Project1_FIR128/solution1/.autopilot/db/clang.diag.yml -mllvm -pass-remarks-missed=reflow|pasta|unroll -mllvm -pass-remarks=reflow|pasta|unroll|inline -fsyntax-only -fhls -target fpga64-xilinx-linux-gnu C:/KevinM/project1/project1/fir128/Project1_FIR128/solution1/.autopilot/db/fir.pp.0.cpp -hls-platform-db-name=C:/Xilinx/Vitis_HLS/2021.1/common/technology/xilinx/common/platform.db -hls-platform-name=virtexuplus_medium > C:/KevinM/project1/project1/fir128/Project1_FIR128/solution1/.autopilot/db/clang.out.log 2> C:/KevinM/project1/project1/fir128/Project1_FIR128/solution1/.autopilot/db/clang.err.log 
Command       ap_eval done; 2.463 sec.
Execute       clang_tidy xilinx-systemc-detector C:/KevinM/project1/project1/fir128/Project1_FIR128/solution1/.autopilot/db/fir.pp.0.cpp std=gnu++14 -target fpga  -directive=C:/KevinM/project1/project1/fir128/Project1_FIR128/solution1/.autopilot/db/.systemc_flag 
INFO-FLOW: exec C:/Xilinx/Vitis_HLS/2021.1/win64/tools/clang-3.9-csynth/bin/clang-tidy -header-filter=.* --checks=-*,xilinx-systemc-detector -import-directive=C:/KevinM/project1/project1/fir128/Project1_FIR128/solution1/.autopilot/db/.systemc_flag -fix-errors C:/KevinM/project1/project1/fir128/Project1_FIR128/solution1/.autopilot/db/fir.pp.0.cpp -- -std=gnu++14 -target fpga -fhls -ferror-limit=0
Command       clang_tidy done; 1.386 sec.
INFO-FLOW: Running: clang-tidy CDT preprocess 39
Execute       clang_tidy xilinx-directive2pragma C:/KevinM/project1/project1/fir128/Project1_FIR128/solution1/.autopilot/db/fir.pp.0.cpp std=gnu++14 -target fpga  -directive=C:/KevinM/project1/project1/fir128/Project1_FIR128/solution1/.autopilot/db/all.directive.json 
INFO-FLOW: exec C:/Xilinx/Vitis_HLS/2021.1/win64/tools/clang-3.9-csynth/bin/clang-tidy -header-filter=.* --checks=-*,xilinx-directive2pragma -import-directive=C:/KevinM/project1/project1/fir128/Project1_FIR128/solution1/.autopilot/db/all.directive.json -fix-errors C:/KevinM/project1/project1/fir128/Project1_FIR128/solution1/.autopilot/db/fir.pp.0.cpp -- -std=gnu++14 -target fpga -fhls -ferror-limit=0
Command       clang_tidy done; 2.39 sec.
Execute       clang_tidy xilinx-constantarray-param,xilinx-remove-assert C:/KevinM/project1/project1/fir128/Project1_FIR128/solution1/.autopilot/db/fir.pp.0.cpp std=gnu++14 -target fpga  
INFO-FLOW: exec C:/Xilinx/Vitis_HLS/2021.1/win64/tools/clang-3.9-csynth/bin/clang-tidy -header-filter=.* --checks=-*,xilinx-constantarray-param,xilinx-remove-assert -fix-errors C:/KevinM/project1/project1/fir128/Project1_FIR128/solution1/.autopilot/db/fir.pp.0.cpp -- -std=gnu++14 -target fpga -fhls -ferror-limit=0
Command       clang_tidy done; 1.634 sec.
INFO-FLOW: Done: clang-tidy CDT preprocess 39 time: 4 seconds per iteration
INFO-FLOW: Calling xilinx-label-all-loops ... 
INFO-FLOW: Calling xilinx-aggregate-on-hls-vector ... 
Execute       clang_tidy -errorcheck xilinx-label-all-loops,xilinx-aggregate-on-hls-vector,,xilinx-warn-mayneed-no-ctor-attribute C:/KevinM/project1/project1/fir128/Project1_FIR128/solution1/.autopilot/db/fir.pp.0.cpp std=gnu++14 -target fpga  
Execute         ap_eval exec -ignorestderr C:/Xilinx/Vitis_HLS/2021.1/win64/tools/clang-3.9-csynth/bin/clang-tidy -export-fixes=C:/KevinM/project1/project1/fir128/Project1_FIR128/solution1/.autopilot/db/clang-tidy.fir.pp.0.cpp.diag.yml -header-filter=.* --checks=-*,xilinx-label-all-loops,xilinx-aggregate-on-hls-vector,,xilinx-warn-mayneed-no-ctor-attribute -fix-errors C:/KevinM/project1/project1/fir128/Project1_FIR128/solution1/.autopilot/db/fir.pp.0.cpp -- -std=gnu++14 -target fpga -fhls -ferror-limit=0 > C:/KevinM/project1/project1/fir128/Project1_FIR128/solution1/.autopilot/db/clang-tidy.fir.pp.0.cpp.out.log 2> C:/KevinM/project1/project1/fir128/Project1_FIR128/solution1/.autopilot/db/clang-tidy.fir.pp.0.cpp.err.log 
Command         ap_eval done; 2.372 sec.
Execute         source C:/Xilinx/Vitis_HLS/2021.1/tps/tcl/tcllib1.11.1/yaml/yaml.tcl 
Command       clang_tidy done; 2.422 sec.
Execute       get_config_dataflow -strict_mode 
Execute       ap_eval exec -ignorestderr C:/Xilinx/Vitis_HLS/2021.1/win64/tools/clang-3.9-csynth/bin/xilinx-dataflow-lawyer -export-fixes=C:/KevinM/project1/project1/fir128/Project1_FIR128/solution1/.autopilot/db/xilinx-dataflow-lawyer.fir.pp.0.cpp.diag.yml C:/KevinM/project1/project1/fir128/Project1_FIR128/solution1/.autopilot/db/fir.pp.0.cpp -- -std=gnu++14 -target fpga -fhls -ferror-limit=0 -fstrict-dataflow > C:/KevinM/project1/project1/fir128/Project1_FIR128/solution1/.autopilot/db/xilinx-dataflow-lawyer.fir.pp.0.cpp.out.log 2> C:/KevinM/project1/project1/fir128/Project1_FIR128/solution1/.autopilot/db/xilinx-dataflow-lawyer.fir.pp.0.cpp.err.log 
Command       ap_eval done; 1.494 sec.
Execute       ap_part_info -name xcvu29p-fsga2577-2L-e -data info 
INFO-FLOW: compiling source code to llvm bc
Execute       ap_eval exec -ignorestderr C:/Xilinx/Vitis_HLS/2021.1/win64/tools/clang-3.9-csynth/bin/clang -foptimization-record-file=C:/KevinM/project1/project1/fir128/Project1_FIR128/solution1/.autopilot/db/clang.fir.pp.0.cpp.diag.yml -mllvm -pass-remarks-missed=reflow|pasta|unroll -mllvm -pass-remarks=reflow|pasta|unroll|inline -fno-limit-debug-info -fhls -flto -fno-exceptions -Wno-error=c++11-narrowing C:/KevinM/project1/project1/fir128/Project1_FIR128/solution1/.autopilot/db/fir.pp.0.cpp -fno-math-errno -c -emit-llvm -mllvm -disable-llvm-optzns -Werror=implicit-function-declaration -Werror=implicit-hls-streams -Werror=return-type -Wpragmas -Wunused-parameter -fno-threadsafe-statics -fno-use-cxa-atexit -std=gnu++14 -target fpga64-xilinx-linux-gnu -D__VITIS_HLS__ -DAESL_SYN -D__SYNTHESIS__ -D__HLS_SYN__ -I C:/Xilinx/Vitis_HLS/2021.1/common/technology/autopilot -I C:/Xilinx/Vitis_HLS/2021.1/common/technology/autopilot/ap_sysc -include etc/autopilot_ssdm_op.h -D__DSP48E2__ -g -o C:/KevinM/project1/project1/fir128/Project1_FIR128/solution1/.autopilot/db/fir.bc -hls-platform-db-name=C:/Xilinx/Vitis_HLS/2021.1/common/technology/xilinx/common/platform.db -hls-platform-name=virtexuplus_medium > C:/KevinM/project1/project1/fir128/Project1_FIR128/solution1/.autopilot/db/clang.fir.pp.0.cpp.out.log 2> C:/KevinM/project1/project1/fir128/Project1_FIR128/solution1/.autopilot/db/clang.fir.pp.0.cpp.err.log 
Command       ap_eval done; 2.559 sec.
WARNING: [HLS 207-5301] unused parameter 'print': C:/Xilinx/Vitis_HLS/2021.1/common/technology/autopilot\ap_int_base.h:792:16
WARNING: [HLS 207-5301] unused parameter 'x': fir.cpp:17:68
INFO: [HLS 200-111] Finished Source Code Analysis and Preprocessing: CPU user time: 1 seconds. CPU system time: 0 seconds. Elapsed time: 16.237 seconds; current allocated memory: 290.623 MB.
INFO-FLOW: Linking Debug ...
INFO-FLOW: Linking dut bc code.
Execute       run_link_or_opt -out C:/KevinM/project1/project1/fir128/Project1_FIR128/solution1/.autopilot/db/a.g.ld.0.bc -args  "C:/KevinM/project1/project1/fir128/Project1_FIR128/solution1/.autopilot/db/fir.g.bc"  
Execute         ap_eval exec -ignorestderr C:/Xilinx/Vitis_HLS/2021.1/win64/tools/clang-3.9-csynth/bin/llvm-link C:/KevinM/project1/project1/fir128/Project1_FIR128/solution1/.autopilot/db/fir.g.bc -o C:/KevinM/project1/project1/fir128/Project1_FIR128/solution1/.autopilot/db/a.g.ld.0.bc > C:/KevinM/project1/project1/fir128/Project1_FIR128/solution1/.autopilot/db/llvm-link.a.g.ld.0.bc.out.log 2> C:/KevinM/project1/project1/fir128/Project1_FIR128/solution1/.autopilot/db/llvm-link.a.g.ld.0.bc.err.log 
INFO-FLOW: 
Execute       run_link_or_opt -opt -out C:/KevinM/project1/project1/fir128/Project1_FIR128/solution1/.autopilot/db/a.g.ld.1.lower.bc -args C:/KevinM/project1/project1/fir128/Project1_FIR128/solution1/.autopilot/db/a.g.ld.0.bc -reflow-lower-math-intrinsics 
Execute         ap_eval exec -ignorestderr C:/Xilinx/Vitis_HLS/2021.1/win64/tools/clang-3.9-csynth/bin/opt -pass-remarks-missed=reflow|pasta|unroll -pass-remarks=reflow|pasta|unroll|inline -pass-remarks-output=C:/KevinM/project1/project1/fir128/Project1_FIR128/solution1/.autopilot/db/opt.a.g.ld.1.lower.bc.diag.yml C:/KevinM/project1/project1/fir128/Project1_FIR128/solution1/.autopilot/db/a.g.ld.0.bc -reflow-lower-math-intrinsics -o C:/KevinM/project1/project1/fir128/Project1_FIR128/solution1/.autopilot/db/a.g.ld.1.lower.bc > C:/KevinM/project1/project1/fir128/Project1_FIR128/solution1/.autopilot/db/opt.a.g.ld.1.lower.bc.out.log 2> C:/KevinM/project1/project1/fir128/Project1_FIR128/solution1/.autopilot/db/opt.a.g.ld.1.lower.bc.err.log 
INFO-FLOW: 
INFO-FLOW: Linking math bc lib
Execute       run_link_or_opt -out C:/KevinM/project1/project1/fir128/Project1_FIR128/solution1/.autopilot/db/a.g.ld.2.m1.bc -args C:/KevinM/project1/project1/fir128/Project1_FIR128/solution1/.autopilot/db/a.g.ld.1.lower.bc -only-needed C:/Xilinx/Vitis_HLS/2021.1/win64/lib/libhlsm_39.bc C:/Xilinx/Vitis_HLS/2021.1/win64/lib/libhlsmc++_39.bc 
Execute         ap_eval exec -ignorestderr C:/Xilinx/Vitis_HLS/2021.1/win64/tools/clang-3.9-csynth/bin/llvm-link C:/KevinM/project1/project1/fir128/Project1_FIR128/solution1/.autopilot/db/a.g.ld.1.lower.bc -only-needed C:/Xilinx/Vitis_HLS/2021.1/win64/lib/libhlsm_39.bc C:/Xilinx/Vitis_HLS/2021.1/win64/lib/libhlsmc++_39.bc -o C:/KevinM/project1/project1/fir128/Project1_FIR128/solution1/.autopilot/db/a.g.ld.2.m1.bc > C:/KevinM/project1/project1/fir128/Project1_FIR128/solution1/.autopilot/db/llvm-link.a.g.ld.2.m1.bc.out.log 2> C:/KevinM/project1/project1/fir128/Project1_FIR128/solution1/.autopilot/db/llvm-link.a.g.ld.2.m1.bc.err.log 
Command         ap_eval done; 4.658 sec.
INFO-FLOW: 
Command       run_link_or_opt done; 4.662 sec.
Execute       run_link_or_opt -opt -out C:/KevinM/project1/project1/fir128/Project1_FIR128/solution1/.autopilot/db/a.g.ld.3.fpc.bc -args C:/KevinM/project1/project1/fir128/Project1_FIR128/solution1/.autopilot/db/a.g.ld.2.m1.bc -reflow-globaldce -hls-top-function-name=fir -reflow-float-conversion 
Execute         ap_eval exec -ignorestderr C:/Xilinx/Vitis_HLS/2021.1/win64/tools/clang-3.9-csynth/bin/opt -pass-remarks-missed=reflow|pasta|unroll -pass-remarks=reflow|pasta|unroll|inline -pass-remarks-output=C:/KevinM/project1/project1/fir128/Project1_FIR128/solution1/.autopilot/db/opt.a.g.ld.3.fpc.bc.diag.yml C:/KevinM/project1/project1/fir128/Project1_FIR128/solution1/.autopilot/db/a.g.ld.2.m1.bc -reflow-globaldce -hls-top-function-name=fir -reflow-float-conversion -o C:/KevinM/project1/project1/fir128/Project1_FIR128/solution1/.autopilot/db/a.g.ld.3.fpc.bc > C:/KevinM/project1/project1/fir128/Project1_FIR128/solution1/.autopilot/db/opt.a.g.ld.3.fpc.bc.out.log 2> C:/KevinM/project1/project1/fir128/Project1_FIR128/solution1/.autopilot/db/opt.a.g.ld.3.fpc.bc.err.log 
Command         ap_eval done; 1.455 sec.
INFO-FLOW: 
Command       run_link_or_opt done; 1.459 sec.
Execute       run_link_or_opt -out C:/KevinM/project1/project1/fir128/Project1_FIR128/solution1/.autopilot/db/a.g.ld.4.m2.bc -args C:/KevinM/project1/project1/fir128/Project1_FIR128/solution1/.autopilot/db/a.g.ld.3.fpc.bc -only-needed C:/Xilinx/Vitis_HLS/2021.1/win64/lib/libfloatconversion_39.bc 
Execute         ap_eval exec -ignorestderr C:/Xilinx/Vitis_HLS/2021.1/win64/tools/clang-3.9-csynth/bin/llvm-link C:/KevinM/project1/project1/fir128/Project1_FIR128/solution1/.autopilot/db/a.g.ld.3.fpc.bc -only-needed C:/Xilinx/Vitis_HLS/2021.1/win64/lib/libfloatconversion_39.bc -o C:/KevinM/project1/project1/fir128/Project1_FIR128/solution1/.autopilot/db/a.g.ld.4.m2.bc > C:/KevinM/project1/project1/fir128/Project1_FIR128/solution1/.autopilot/db/llvm-link.a.g.ld.4.m2.bc.out.log 2> C:/KevinM/project1/project1/fir128/Project1_FIR128/solution1/.autopilot/db/llvm-link.a.g.ld.4.m2.bc.err.log 
Command         ap_eval done; 0.161 sec.
INFO-FLOW: 
Command       run_link_or_opt done; 0.165 sec.
Execute       run_link_or_opt -opt -out C:/KevinM/project1/project1/fir128/Project1_FIR128/solution1/.autopilot/db/a.g.ld.5.gdce.bc -args C:/KevinM/project1/project1/fir128/Project1_FIR128/solution1/.autopilot/db/a.g.ld.4.m2.bc -reflow-globaldce -hls-top-function-name=fir 
Execute         ap_eval exec -ignorestderr C:/Xilinx/Vitis_HLS/2021.1/win64/tools/clang-3.9-csynth/bin/opt -pass-remarks-missed=reflow|pasta|unroll -pass-remarks=reflow|pasta|unroll|inline -pass-remarks-output=C:/KevinM/project1/project1/fir128/Project1_FIR128/solution1/.autopilot/db/opt.a.g.ld.5.gdce.bc.diag.yml C:/KevinM/project1/project1/fir128/Project1_FIR128/solution1/.autopilot/db/a.g.ld.4.m2.bc -reflow-globaldce -hls-top-function-name=fir -o C:/KevinM/project1/project1/fir128/Project1_FIR128/solution1/.autopilot/db/a.g.ld.5.gdce.bc > C:/KevinM/project1/project1/fir128/Project1_FIR128/solution1/.autopilot/db/opt.a.g.ld.5.gdce.bc.out.log 2> C:/KevinM/project1/project1/fir128/Project1_FIR128/solution1/.autopilot/db/opt.a.g.ld.5.gdce.bc.err.log 
INFO-FLOW: 
Execute       get_solution -flow_target 
Execute       get_config_rtl -module_prefix 
Execute       get_config_interface -default_slave_interface 
Execute       get_solution -flow_target 
Execute       get_config_interface -m_axi_offset 
Execute       get_config_interface -m_axi_latency 
Execute       get_config_interface -m_axi_alignment_byte_size 
Execute       get_config_interface -m_axi_min_bitwidth 
Execute       get_config_interface -m_axi_max_bitwidth 
Execute       get_config_interface -m_axi_max_widen_bitwidth 
Execute       get_config_interface -m_axi_num_read_outstanding 
Execute       get_config_interface -m_axi_num_write_outstanding 
Execute       get_config_interface -m_axi_max_read_burst_length 
Execute       get_config_interface -m_axi_max_write_burst_length 
Execute       get_config_interface -m_axi_min_bitwidth 
Execute       get_config_interface -m_axi_max_bitwidth 
Execute       get_config_interface -m_axi_latency 
Execute       get_config_interface -m_axi_min_bitwidth 
Execute       get_config_interface -m_axi_max_bitwidth 
Execute       get_config_interface -m_axi_max_widen_bitwidth 
Execute       get_config_interface -m_axi_auto_max_ports 
Execute       get_config_interface -m_axi_num_read_outstanding 
Execute       get_config_interface -m_axi_num_write_outstanding 
Execute       get_config_interface -m_axi_max_read_burst_length 
Execute       get_config_interface -m_axi_max_write_burst_length 
Execute       get_config_interface -s_axilite_data64 
Execute       get_config_compile -instruction_warning_threshold 
Execute       get_config_interface -m_axi_alignment_byte_size 
Execute       get_config_compile -pragma_strict_mode 
Execute       get_config_compile -pipeline_style 
Execute       get_config_array_partition -throughput_driven 
Execute       send_msg_by_id INFO @200-777@%s Vitis 
INFO: [HLS 200-777] Using interface defaults for 'Vitis' flow target.
Execute       is_m_axi_addr64 
INFO-FLOW: Doing LTO.
Execute       ap_eval exec -ignorestderr C:/Xilinx/Vitis_HLS/2021.1/win64/tools/clang-3.9-csynth/bin/clang -foptimization-record-file=C:/KevinM/project1/project1/fir128/Project1_FIR128/solution1/.autopilot/db/clang.a.g.ld.0.bc.diag.yml -mllvm -pass-remarks-missed=reflow|pasta|unroll -mllvm -pass-remarks=reflow|pasta|unroll|inline -fhls -mllvm -hls-top-function-name=fir -mllvm -hls-db-dir -mllvm C:/KevinM/project1/project1/fir128/Project1_FIR128/solution1/.autopilot/db -emit-llvm -c -target fpga64-xilinx-none -mllvm -xcl-xmlinfo=C:/KevinM/project1/project1/fir128/Project1_FIR128/solution1/.autopilot/db/../../../kernel.xml -mllvm -top-io-mapping-info=C:/KevinM/project1/project1/fir128/Project1_FIR128/solution1/.autopilot/db/top-io-fe.xml -mllvm -hls-bitcode-version=3.1 -mllvm -reflow-enable-slave-interface-default-setting=true -mllvm -gen-kernel-xml=true -mllvm -default-maxi-offset=slave -mllvm -maxi-latency=64 -mllvm -hls-maxi-data-size-in-bits=8 -mllvm -hls-maxi-max-data-size-in-bits=1024 -mllvm -hls-max-widen-size-in-bits=512 -mllvm -xcl-kernel-max-mem-ports=0 -mllvm -maxi-read-trans=16 -mllvm -maxi-write-trans=16 -mllvm -maxi-read-burst-len=16 -mllvm -maxi-write-burst-len=16 -mllvm -reflow-enable-saxi-64bits=0 -mllvm -reflow-basic-block-instr-threshhold=200000 -mllvm -assume-maxi-align=64 -mllvm -no-unaligned-maxi-accesses=false -mllvm -reflow-pipeline-style-llvm-setting=0 -mllvm -reflow-auto-array-partition-mode=default -mllvm -reflow-enable-auto-array-partition=true -mllvm -reflow-aggregate-bitwidth-threshold=4096 -mllvm -reflow-disaggregate-bitwidth-threshold=4096 -mllvm -hls -mllvm -disable-inlined-alloca-merging=true -mllvm -enable-reflow-vitis-flow-setting=true -x ir C:/KevinM/project1/project1/fir128/Project1_FIR128/solution1/.autopilot/db/a.g.ld.5.gdce.bc -o C:/KevinM/project1/project1/fir128/Project1_FIR128/solution1/.autopilot/db/a.g.lto.bc -hls-platform-db-name=C:/Xilinx/Vitis_HLS/2021.1/common/technology/xilinx/common/platform.db -hls-platform-name=virtexuplus_medium > C:/KevinM/project1/project1/fir128/Project1_FIR128/solution1/.autopilot/db/clang.a.g.ld.0.bc.out.log 2> C:/KevinM/project1/project1/fir128/Project1_FIR128/solution1/.autopilot/db/clang.a.g.ld.0.bc.err.log 
Command       ap_eval done; 1.342 sec.
INFO: [HLS 214-279] Initial Interval estimation mode is set into default.
INFO: [HLS 214-284] Auto array partition mode is set into default.
INFO: [HLS 214-131] Inlining function 'ap_int_base<20, true>::ap_int_base<10, true>(ap_int_base<10, true> const&)' into 'ap_int_base<10, true>::RType<10, true>::mult operator*<10, true, 10, true>(ap_int_base<10, true> const&, ap_int_base<10, true> const&)' (C:/Xilinx/Vitis_HLS/2021.1/common/technology/autopilot\ap_int_base.h:1524:339)
INFO: [HLS 214-131] Inlining function 'ap_int<20>::ap_int<20, true>(ap_int_base<20, true> const&)' into 'ap_int_base<10, true>::RType<10, true>::mult operator*<10, true, 10, true>(ap_int_base<10, true> const&, ap_int_base<10, true> const&)' (C:/Xilinx/Vitis_HLS/2021.1/common/technology/autopilot\ap_int_base.h:1524:551)
INFO: [HLS 214-131] Inlining function 'ap_int_base<20, true>::ap_int_base<10, true>(ap_int_base<10, true> const&)' into 'ap_int_base<10, true>::RType<10, true>::mult operator*<10, true, 10, true>(ap_int_base<10, true> const&, ap_int_base<10, true> const&)' (C:/Xilinx/Vitis_HLS/2021.1/common/technology/autopilot\ap_int_base.h:1524:427)
INFO: [HLS 214-131] Inlining function 'ap_int<10>::ap_int(int)' into 'fir(int*, int)' (fir.cpp:21:21)
INFO: [HLS 214-131] Inlining function 'ap_int_base<10, true>::operator long long() const' into 'fir(int*, int)' (fir.cpp:43:8)
INFO: [HLS 214-131] Inlining function 'ap_int_base<10, true>& ap_int_base<10, true>::operator+=<20, true>(ap_int_base<20, true> const&)' into 'fir(int*, int)' (fir.cpp:41:9)
INFO: [HLS 214-131] Inlining function 'ap_int_base<10, true>::RType<10, true>::mult operator*<10, true, 10, true>(ap_int_base<10, true> const&, ap_int_base<10, true> const&)' into 'fir(int*, int)' (fir.cpp:41:25)
INFO: [HLS 214-131] Inlining function 'ap_int<10>::ap_int(int)' into 'fir(int*, int)' (fir.cpp:30:9)
INFO: [HLS 214-131] Inlining function 'ap_int<10>::ap_int(int)' into 'fir(int*, int)' (fir.cpp:21:569)
INFO: [HLS 214-131] Inlining function 'ap_int<10>::ap_int(int)' into 'fir(int*, int)' (fir.cpp:21:565)
INFO: [HLS 214-131] Inlining function 'ap_int<10>::ap_int(int)' into 'fir(int*, int)' (fir.cpp:21:561)
INFO: [HLS 214-131] Inlining function 'ap_int<10>::ap_int(int)' into 'fir(int*, int)' (fir.cpp:21:557)
INFO: [HLS 214-131] Inlining function 'ap_int<10>::ap_int(int)' into 'fir(int*, int)' (fir.cpp:21:553)
INFO: [HLS 214-131] Inlining function 'ap_int<10>::ap_int(int)' into 'fir(int*, int)' (fir.cpp:21:549)
INFO: [HLS 214-131] Inlining function 'ap_int<10>::ap_int(int)' into 'fir(int*, int)' (fir.cpp:21:545)
INFO: [HLS 214-131] Inlining function 'ap_int<10>::ap_int(int)' into 'fir(int*, int)' (fir.cpp:21:541)
INFO: [HLS 214-131] Inlining function 'ap_int<10>::ap_int(int)' into 'fir(int*, int)' (fir.cpp:21:537)
INFO: [HLS 214-131] Inlining function 'ap_int<10>::ap_int(int)' into 'fir(int*, int)' (fir.cpp:21:533)
INFO: [HLS 214-131] Inlining function 'ap_int<10>::ap_int(int)' into 'fir(int*, int)' (fir.cpp:21:529)
INFO: [HLS 214-131] Inlining function 'ap_int<10>::ap_int(int)' into 'fir(int*, int)' (fir.cpp:21:525)
INFO: [HLS 214-131] Inlining function 'ap_int<10>::ap_int(int)' into 'fir(int*, int)' (fir.cpp:21:521)
INFO: [HLS 214-131] Inlining function 'ap_int<10>::ap_int(int)' into 'fir(int*, int)' (fir.cpp:21:517)
INFO: [HLS 214-131] Inlining function 'ap_int<10>::ap_int(int)' into 'fir(int*, int)' (fir.cpp:21:513)
INFO: [HLS 214-131] Inlining function 'ap_int<10>::ap_int(int)' into 'fir(int*, int)' (fir.cpp:21:509)
INFO: [HLS 214-131] Inlining function 'ap_int<10>::ap_int(int)' into 'fir(int*, int)' (fir.cpp:21:505)
INFO: [HLS 214-131] Inlining function 'ap_int<10>::ap_int(int)' into 'fir(int*, int)' (fir.cpp:21:501)
INFO: [HLS 214-131] Inlining function 'ap_int<10>::ap_int(int)' into 'fir(int*, int)' (fir.cpp:21:497)
INFO: [HLS 214-131] Inlining function 'ap_int<10>::ap_int(int)' into 'fir(int*, int)' (fir.cpp:21:493)
INFO: [HLS 214-131] Inlining function 'ap_int<10>::ap_int(int)' into 'fir(int*, int)' (fir.cpp:21:489)
INFO: [HLS 214-131] Inlining function 'ap_int<10>::ap_int(int)' into 'fir(int*, int)' (fir.cpp:21:485)
INFO: [HLS 214-131] Inlining function 'ap_int<10>::ap_int(int)' into 'fir(int*, int)' (fir.cpp:21:481)
INFO: [HLS 214-131] Inlining function 'ap_int<10>::ap_int(int)' into 'fir(int*, int)' (fir.cpp:21:477)
INFO: [HLS 214-131] Inlining function 'ap_int<10>::ap_int(int)' into 'fir(int*, int)' (fir.cpp:21:473)
INFO: [HLS 214-131] Inlining function 'ap_int<10>::ap_int(int)' into 'fir(int*, int)' (fir.cpp:21:470)
INFO: [HLS 214-131] Inlining function 'ap_int<10>::ap_int(int)' into 'fir(int*, int)' (fir.cpp:21:467)
INFO: [HLS 214-131] Inlining function 'ap_int<10>::ap_int(int)' into 'fir(int*, int)' (fir.cpp:21:463)
INFO: [HLS 214-131] Inlining function 'ap_int<10>::ap_int(int)' into 'fir(int*, int)' (fir.cpp:21:459)
INFO: [HLS 214-131] Inlining function 'ap_int<10>::ap_int(int)' into 'fir(int*, int)' (fir.cpp:21:454)
INFO: [HLS 214-131] Inlining function 'ap_int<10>::ap_int(int)' into 'fir(int*, int)' (fir.cpp:21:449)
INFO: [HLS 214-131] Inlining function 'ap_int<10>::ap_int(int)' into 'fir(int*, int)' (fir.cpp:21:444)
INFO: [HLS 214-131] Inlining function 'ap_int<10>::ap_int(int)' into 'fir(int*, int)' (fir.cpp:21:439)
INFO: [HLS 214-131] Inlining function 'ap_int<10>::ap_int(int)' into 'fir(int*, int)' (fir.cpp:21:434)
INFO: [HLS 214-131] Inlining function 'ap_int<10>::ap_int(int)' into 'fir(int*, int)' (fir.cpp:21:429)
INFO: [HLS 214-131] Inlining function 'ap_int<10>::ap_int(int)' into 'fir(int*, int)' (fir.cpp:21:424)
INFO: [HLS 214-131] Inlining function 'ap_int<10>::ap_int(int)' into 'fir(int*, int)' (fir.cpp:21:419)
INFO: [HLS 214-131] Inlining function 'ap_int<10>::ap_int(int)' into 'fir(int*, int)' (fir.cpp:21:414)
INFO: [HLS 214-131] Inlining function 'ap_int<10>::ap_int(int)' into 'fir(int*, int)' (fir.cpp:21:409)
INFO: [HLS 214-131] Inlining function 'ap_int<10>::ap_int(int)' into 'fir(int*, int)' (fir.cpp:21:404)
INFO: [HLS 214-131] Inlining function 'ap_int<10>::ap_int(int)' into 'fir(int*, int)' (fir.cpp:21:399)
INFO: [HLS 214-131] Inlining function 'ap_int<10>::ap_int(int)' into 'fir(int*, int)' (fir.cpp:21:395)
INFO: [HLS 214-131] Inlining function 'ap_int<10>::ap_int(int)' into 'fir(int*, int)' (fir.cpp:21:391)
INFO: [HLS 214-131] Inlining function 'ap_int<10>::ap_int(int)' into 'fir(int*, int)' (fir.cpp:21:388)
INFO: [HLS 214-131] Inlining function 'ap_int<10>::ap_int(int)' into 'fir(int*, int)' (fir.cpp:21:385)
INFO: [HLS 214-131] Inlining function 'ap_int<10>::ap_int(int)' into 'fir(int*, int)' (fir.cpp:21:381)
INFO: [HLS 214-131] Inlining function 'ap_int<10>::ap_int(int)' into 'fir(int*, int)' (fir.cpp:21:377)
INFO: [HLS 214-131] Inlining function 'ap_int<10>::ap_int(int)' into 'fir(int*, int)' (fir.cpp:21:373)
INFO: [HLS 214-131] Inlining function 'ap_int<10>::ap_int(int)' into 'fir(int*, int)' (fir.cpp:21:369)
INFO: [HLS 214-131] Inlining function 'ap_int<10>::ap_int(int)' into 'fir(int*, int)' (fir.cpp:21:365)
INFO: [HLS 214-131] Inlining function 'ap_int<10>::ap_int(int)' into 'fir(int*, int)' (fir.cpp:21:361)
INFO: [HLS 214-131] Inlining function 'ap_int<10>::ap_int(int)' into 'fir(int*, int)' (fir.cpp:21:357)
INFO: [HLS 214-131] Inlining function 'ap_int<10>::ap_int(int)' into 'fir(int*, int)' (fir.cpp:21:353)
INFO: [HLS 214-131] Inlining function 'ap_int<10>::ap_int(int)' into 'fir(int*, int)' (fir.cpp:21:349)
INFO: [HLS 214-131] Inlining function 'ap_int<10>::ap_int(int)' into 'fir(int*, int)' (fir.cpp:21:345)
INFO: [HLS 214-131] Inlining function 'ap_int<10>::ap_int(int)' into 'fir(int*, int)' (fir.cpp:21:341)
INFO: [HLS 214-131] Inlining function 'ap_int<10>::ap_int(int)' into 'fir(int*, int)' (fir.cpp:21:337)
INFO: [HLS 214-131] Inlining function 'ap_int<10>::ap_int(int)' into 'fir(int*, int)' (fir.cpp:21:334)
INFO: [HLS 214-131] Inlining function 'ap_int<10>::ap_int(int)' into 'fir(int*, int)' (fir.cpp:21:331)
INFO: [HLS 214-131] Inlining function 'ap_int<10>::ap_int(int)' into 'fir(int*, int)' (fir.cpp:21:327)
INFO: [HLS 214-131] Inlining function 'ap_int<10>::ap_int(int)' into 'fir(int*, int)' (fir.cpp:21:323)
INFO: [HLS 214-131] Inlining function 'ap_int<10>::ap_int(int)' into 'fir(int*, int)' (fir.cpp:21:318)
INFO: [HLS 214-131] Inlining function 'ap_int<10>::ap_int(int)' into 'fir(int*, int)' (fir.cpp:21:313)
INFO: [HLS 214-131] Inlining function 'ap_int<10>::ap_int(int)' into 'fir(int*, int)' (fir.cpp:21:308)
INFO: [HLS 214-131] Inlining function 'ap_int<10>::ap_int(int)' into 'fir(int*, int)' (fir.cpp:21:303)
INFO: [HLS 214-131] Inlining function 'ap_int<10>::ap_int(int)' into 'fir(int*, int)' (fir.cpp:21:298)
INFO: [HLS 214-131] Inlining function 'ap_int<10>::ap_int(int)' into 'fir(int*, int)' (fir.cpp:21:293)
INFO: [HLS 214-131] Inlining function 'ap_int<10>::ap_int(int)' into 'fir(int*, int)' (fir.cpp:21:288)
INFO: [HLS 214-131] Inlining function 'ap_int<10>::ap_int(int)' into 'fir(int*, int)' (fir.cpp:21:283)
INFO: [HLS 214-131] Inlining function 'ap_int<10>::ap_int(int)' into 'fir(int*, int)' (fir.cpp:21:278)
INFO: [HLS 214-131] Inlining function 'ap_int<10>::ap_int(int)' into 'fir(int*, int)' (fir.cpp:21:273)
INFO: [HLS 214-131] Inlining function 'ap_int<10>::ap_int(int)' into 'fir(int*, int)' (fir.cpp:21:268)
INFO: [HLS 214-131] Inlining function 'ap_int<10>::ap_int(int)' into 'fir(int*, int)' (fir.cpp:21:263)
INFO: [HLS 214-131] Inlining function 'ap_int<10>::ap_int(int)' into 'fir(int*, int)' (fir.cpp:21:259)
INFO: [HLS 214-131] Inlining function 'ap_int<10>::ap_int(int)' into 'fir(int*, int)' (fir.cpp:21:255)
INFO: [HLS 214-131] Inlining function 'ap_int<10>::ap_int(int)' into 'fir(int*, int)' (fir.cpp:21:252)
INFO: [HLS 214-131] Inlining function 'ap_int<10>::ap_int(int)' into 'fir(int*, int)' (fir.cpp:21:249)
INFO: [HLS 214-131] Inlining function 'ap_int<10>::ap_int(int)' into 'fir(int*, int)' (fir.cpp:21:245)
INFO: [HLS 214-131] Inlining function 'ap_int<10>::ap_int(int)' into 'fir(int*, int)' (fir.cpp:21:241)
INFO: [HLS 214-131] Inlining function 'ap_int<10>::ap_int(int)' into 'fir(int*, int)' (fir.cpp:21:237)
INFO: [HLS 214-131] Inlining function 'ap_int<10>::ap_int(int)' into 'fir(int*, int)' (fir.cpp:21:233)
INFO: [HLS 214-131] Inlining function 'ap_int<10>::ap_int(int)' into 'fir(int*, int)' (fir.cpp:21:229)
INFO: [HLS 214-131] Inlining function 'ap_int<10>::ap_int(int)' into 'fir(int*, int)' (fir.cpp:21:225)
INFO: [HLS 214-131] Inlining function 'ap_int<10>::ap_int(int)' into 'fir(int*, int)' (fir.cpp:21:221)
INFO: [HLS 214-131] Inlining function 'ap_int<10>::ap_int(int)' into 'fir(int*, int)' (fir.cpp:21:217)
INFO: [HLS 214-131] Inlining function 'ap_int<10>::ap_int(int)' into 'fir(int*, int)' (fir.cpp:21:213)
INFO: [HLS 214-131] Inlining function 'ap_int<10>::ap_int(int)' into 'fir(int*, int)' (fir.cpp:21:209)
INFO: [HLS 214-131] Inlining function 'ap_int<10>::ap_int(int)' into 'fir(int*, int)' (fir.cpp:21:205)
INFO: [HLS 214-131] Inlining function 'ap_int<10>::ap_int(int)' into 'fir(int*, int)' (fir.cpp:21:201)
INFO: [HLS 214-131] Inlining function 'ap_int<10>::ap_int(int)' into 'fir(int*, int)' (fir.cpp:21:198)
INFO: [HLS 214-131] Inlining function 'ap_int<10>::ap_int(int)' into 'fir(int*, int)' (fir.cpp:21:195)
INFO: [HLS 214-131] Inlining function 'ap_int<10>::ap_int(int)' into 'fir(int*, int)' (fir.cpp:21:191)
INFO: [HLS 214-131] Inlining function 'ap_int<10>::ap_int(int)' into 'fir(int*, int)' (fir.cpp:21:187)
INFO: [HLS 214-131] Inlining function 'ap_int<10>::ap_int(int)' into 'fir(int*, int)' (fir.cpp:21:182)
INFO: [HLS 214-131] Inlining function 'ap_int<10>::ap_int(int)' into 'fir(int*, int)' (fir.cpp:21:177)
INFO: [HLS 214-131] Inlining function 'ap_int<10>::ap_int(int)' into 'fir(int*, int)' (fir.cpp:21:172)
INFO: [HLS 214-131] Inlining function 'ap_int<10>::ap_int(int)' into 'fir(int*, int)' (fir.cpp:21:167)
INFO: [HLS 214-131] Inlining function 'ap_int<10>::ap_int(int)' into 'fir(int*, int)' (fir.cpp:21:162)
INFO: [HLS 214-131] Inlining function 'ap_int<10>::ap_int(int)' into 'fir(int*, int)' (fir.cpp:21:157)
INFO: [HLS 214-131] Inlining function 'ap_int<10>::ap_int(int)' into 'fir(int*, int)' (fir.cpp:21:152)
INFO: [HLS 214-131] Inlining function 'ap_int<10>::ap_int(int)' into 'fir(int*, int)' (fir.cpp:21:147)
INFO: [HLS 214-131] Inlining function 'ap_int<10>::ap_int(int)' into 'fir(int*, int)' (fir.cpp:21:142)
INFO: [HLS 214-131] Inlining function 'ap_int<10>::ap_int(int)' into 'fir(int*, int)' (fir.cpp:21:137)
INFO: [HLS 214-131] Inlining function 'ap_int<10>::ap_int(int)' into 'fir(int*, int)' (fir.cpp:21:132)
INFO: [HLS 214-131] Inlining function 'ap_int<10>::ap_int(int)' into 'fir(int*, int)' (fir.cpp:21:127)
INFO: [HLS 214-131] Inlining function 'ap_int<10>::ap_int(int)' into 'fir(int*, int)' (fir.cpp:21:122)
INFO: [HLS 214-131] Inlining function 'ap_int<10>::ap_int(int)' into 'fir(int*, int)' (fir.cpp:21:117)
INFO: [HLS 214-131] Inlining function 'ap_int<10>::ap_int(int)' into 'fir(int*, int)' (fir.cpp:21:112)
INFO: [HLS 214-131] Inlining function 'ap_int<10>::ap_int(int)' into 'fir(int*, int)' (fir.cpp:21:107)
INFO: [HLS 214-131] Inlining function 'ap_int<10>::ap_int(int)' into 'fir(int*, int)' (fir.cpp:21:102)
INFO: [HLS 214-131] Inlining function 'ap_int<10>::ap_int(int)' into 'fir(int*, int)' (fir.cpp:21:97)
INFO: [HLS 214-131] Inlining function 'ap_int<10>::ap_int(int)' into 'fir(int*, int)' (fir.cpp:21:92)
INFO: [HLS 214-131] Inlining function 'ap_int<10>::ap_int(int)' into 'fir(int*, int)' (fir.cpp:21:87)
INFO: [HLS 214-131] Inlining function 'ap_int<10>::ap_int(int)' into 'fir(int*, int)' (fir.cpp:21:82)
INFO: [HLS 214-131] Inlining function 'ap_int<10>::ap_int(int)' into 'fir(int*, int)' (fir.cpp:21:77)
INFO: [HLS 214-131] Inlining function 'ap_int<10>::ap_int(int)' into 'fir(int*, int)' (fir.cpp:21:72)
INFO: [HLS 214-131] Inlining function 'ap_int<10>::ap_int(int)' into 'fir(int*, int)' (fir.cpp:21:67)
INFO: [HLS 214-131] Inlining function 'ap_int<10>::ap_int(int)' into 'fir(int*, int)' (fir.cpp:21:62)
INFO: [HLS 214-131] Inlining function 'ap_int<10>::ap_int(int)' into 'fir(int*, int)' (fir.cpp:21:57)
INFO: [HLS 214-131] Inlining function 'ap_int<10>::ap_int(int)' into 'fir(int*, int)' (fir.cpp:21:52)
INFO: [HLS 214-131] Inlining function 'ap_int<10>::ap_int(int)' into 'fir(int*, int)' (fir.cpp:21:47)
INFO: [HLS 214-131] Inlining function 'ap_int<10>::ap_int(int)' into 'fir(int*, int)' (fir.cpp:21:43)
INFO: [HLS 214-131] Inlining function 'ap_int<10>::ap_int(int)' into 'fir(int*, int)' (fir.cpp:21:39)
INFO: [HLS 214-131] Inlining function 'ap_int<10>::ap_int(int)' into 'fir(int*, int)' (fir.cpp:21:36)
INFO: [HLS 214-131] Inlining function 'ap_int<10>::ap_int(int)' into 'fir(int*, int)' (fir.cpp:21:33)
INFO: [HLS 214-131] Inlining function 'ap_int<10>::ap_int(int)' into 'fir(int*, int)' (fir.cpp:21:29)
INFO: [HLS 214-131] Inlining function 'ap_int<10>::ap_int(int)' into 'fir(int*, int)' (fir.cpp:21:25)
WARNING: [HLS 214-167] The program may have out of bound array access (fir.cpp:40:15)
WARNING: [HLS 214-167] The program may have out of bound array access (fir.cpp:40:15)
INFO: [HLS 214-270] Starting automatic array partition analysis...
INFO-FLOW: DBG:PUTS: copy_raw_kernel_xml ap_link_39: copying raw kernel.xml: C:/KevinM/project1/project1/fir128/Project1_FIR128/solution1/.autopilot/db/../../../kernel.xml -> C:/KevinM/project1/project1/fir128/Project1_FIR128/solution1/.autopilot/db/kernel.internal.xml
INFO: [HLS 200-111] Finished Compiling Optimization and Transform: CPU user time: 1 seconds. CPU system time: 0 seconds. Elapsed time: 10.71 seconds; current allocated memory: 293.171 MB.
INFO: [HLS 200-111] Finished Checking Pragmas: CPU user time: 1 seconds. CPU system time: 0 seconds. Elapsed time: 0.246 seconds; current allocated memory: 293.172 MB.
Execute       opt_and_import_c a -opt_level=2 -skip_syncheck=0 -ng=0 -keep_printf=0 
Execute         cleanup_all_models 
INFO: [HLS 200-10] Starting code transformations ...
INFO-FLOW: Running Standard Transforms...
Execute         transform -hls -share-std-xform -demangle-name -inline-byval-memcpy -always-inline -promote-dbg-pointer -interface-preproc -mem2reg -scalarrepl -mem2reg -keep-read-access -instcombine -dce -promote-dbg-pointer -bitop-raise -loop-simplify -indvarspre -indvars -loop-simplify -xunroll -constprop -instcombine -simplifycfg -indvars -simplifycfg -dce -globaldce -basicaa -simplifycfg -mem2reg -globalopt -global-constprop -deadargelim -instcombine -simplifycfg -scalarrepl -instcombine -reassociate -licm -simplifycfg -loop-simplify -indvars -instcombine -simplifycfg -mem2reg -loop-simplify -indvars -instcombine -gvn -gvn -instcombine -adce -break-crit-edges -simplifycfg -loop-delete -global-array-opt -dce -dse -adce -find-syn-modules -top fir -deadargelim -mem2reg -instcombine -dce -presyn-prepare -auto-rom-infer -interface-preproc -syn-check -check-rec-only -find-region -simplifycfg -func-extr -function-inline -globaldce -mem2reg -instcombine -dce -gvn -globaldce -adce -adse -constprop -instcombine -bit-constprop -instcombine -dce -simplifycfg -bitop-raise -simplifycfg -dce -loop-delete -reassociate -globalopt -global-privatize -mem2reg -dce -global-constprop -pointer-simplify -constprop -dce -func-inst -deadargelim -auto-shift-reg-idiom -promote-dbg-pointer -norm-name C:/KevinM/project1/project1/fir128/Project1_FIR128/solution1/.autopilot/db/a.g.0.bc -o C:/KevinM/project1/project1/fir128/Project1_FIR128/solution1/.autopilot/db/a.g.1.bc -f -phase std-opt 
INFO: [HLS 200-111] Finished Standard Transforms: CPU user time: 0 seconds. CPU system time: 0 seconds. Elapsed time: 0.311 seconds; current allocated memory: 296.610 MB.
INFO: [HLS 200-10] Checking synthesizability ...
INFO-FLOW: Checking Synthesizability 1/2..
Execute         transform -hls -syn-check -check-rec-only -scalarrepl -norm-name -dce -mem2reg -instcombine -function-uniquify -directive-preproc -mem2reg -dse -dce -auto-rom-infer -dce -pag -array-normalize -instcombine -dce -array-seg-normalize -instcombine -dce -data-pack -instcombine -dce -inst-simplify -array-flatten -instcombine -dce -array-burst -dce -deadargelim -promote-global-argument -simplifycfg -mem2reg -globaldce -dce -deadargelim -dce -instcombine -function-inline -globaldce -dce -doublePtrSimplify -doublePtrElim -dce -doublePtrSimplify -promote-dbg-pointer -dce -scalarrepl -dse -adse -instcombine -ptrLegalization -simplifycfg -dce -instcombine -pointer-simplify -ptrArgReplace -dce -instcombine -resolve-double-ptr -scalarrepl -norm-name -dce -mem2reg -instcombine -ptrLegalization -simplifycfg -deadargelim -instcombine -dce -inst-simplify -function-uniquify -directive-preproc -mem2reg -dse -dce -globaldce -check-dspbuiltin C:/KevinM/project1/project1/fir128/Project1_FIR128/solution1/.autopilot/db/a.g.1.bc -o C:/KevinM/project1/project1/fir128/Project1_FIR128/solution1/.autopilot/db/a.g.2.prechk.bc -f 
INFO-FLOW: Checking Synthesizability 2/2..
Execute         transform -syn-check C:/KevinM/project1/project1/fir128/Project1_FIR128/solution1/.autopilot/db/a.g.2.prechk.bc -o C:/KevinM/project1/project1/fir128/Project1_FIR128/solution1/.autopilot/db/a.g.2.bc -f -phase syn-check 
INFO: [HLS 200-111] Finished Checking Synthesizability: CPU user time: 0 seconds. CPU system time: 0 seconds. Elapsed time: 0.306 seconds; current allocated memory: 299.355 MB.
INFO-FLOW: Compiler optimizing ...
INFO-FLOW: Share syncheck's 1.bc for syn flow: copy C:/KevinM/project1/project1/fir128/Project1_FIR128/solution1/.autopilot/db/a.g.1.bc to C:/KevinM/project1/project1/fir128/Project1_FIR128/solution1/.autopilot/db/a.o.1.bc
INFO-FLOW: Presyn 1...
Execute         transform -hls -tmp C:/KevinM/project1/project1/fir128/Project1_FIR128/solution1/.autopilot/db -interface-port-rename -function-uniquify -directive-preproc -mem2reg -dse -dce -scalarrepl -norm-name -deadargelim -mem2reg -instcombine -dce -simplifycfg -auto-rom-infer -dce -function-uniquify -resource-proc -clib-intrinsic-prepare -dce -func-buffer -dce -pag -array-normalize -func-legal -instcombine -gvn -constprop -dce -simplifycfg -mem2reg -globaldce -resolve-double-ptr -dce -deadargelim -dce -instcombine -ptrArgReplace -mem2reg -dce -array-seg-normalize -deadargelim -instcombine -dce -function-uniquify -directive-preproc -mem2reg -dse -dce -pointer-simplify -dce -port-alignment -dce -interface-preproc -data-pack -instcombine -dce -basicaa -aggr-aa -aggrmodref-aa -aggr-aa -gvn -gvn -basicaa -aggr-aa -aggrmodref-aa -aggr-aa -dse -adse -adce -loop-simplify -indvars -instcombine -gvn -loop-simplify -mem2reg -dce -find-region -instcombine -auto-loop-pipeline -inst-simplify -interface-preproc -cfgopt -instcombine -indvars -auto-loop-unroll -loop-simplify -loop-bound -xunroll -constprop -instcombine -simplifycfg -indvars -simplifycfg -dce -globaldce -clean-region -attach-range -gvn -inst-simplify -constprop -simplifycfg -dce -pointer-simplify -dce -globalopt -constprop -dce -array-promote -constprop -dce -ptrArgReplace -mem2reg -simplifycfg -dce -instcombine -dce -array-transform-check -array-reshape -instcombine -simplifycfg -dce -ptrArgReplace -deadargelim -mem2reg -instcombine -simplifycfg -dce -indvars -loop-simplify -loop-bound -xunroll -constprop -instcombine -simplifycfg -indvars -simplifycfg -dce -globaldce -basicaa -aggr-aa -aggrmodref-aa -aggr-aa -dse -duplicate-dataflow-processes -globaldce -instcombine -array-partition -instcombine -simplifycfg -dce -ptrArgReplace -global-constprop -deadargelim -mem2reg -func-legal -dce -global-constprop -deadargelim -mem2reg -simplifycfg -dce -merge-param -deadargelim -globalopt -constprop -dce -array-promote -constprop -dce -ptrArgReplace -mem2reg -simplifycfg -dce -mem-intrinsic-preproc -dce -global-internalize -global-privatize -mem2reg -globaldce -promote-global-argument -ptrArgReplace -mem2reg -dce -globalopt -mergereturn -simplify-global-access -mem2reg -dce -pointer-simplify -dce -functionattrs -basicaa -aggr-aa -aggrmodref-aa -aggr-aa -gvn -gvn -basicaa -aggr-aa -aggrmodref-aa -aggr-aa -dse -adse -adce -dce -norm-name -basicaa -aggr-aa -aggrmodref-aa -aggr-aa -accesses-merge -function-inline -complex-op-raise -inst-simplify -globaldce -func-inst -constprop -instcombine -simplifycfg -dce -func-legal -dce -loop-bound -arraycheck -bitwidthmin2 -bitwidthmin2 -on-by-dataflow -loop-delete -instcombine -simplifycfg -globaldce -dce -gvn -deadargelim -dce -loop-simplify -clean-region -simplifycfg -propagate-stable-arguments -loop-stream -instcombine -simplifycfg -dce -globaldce -duplicate-dataflow-processes -stream-intrinsic-preproc -dce -check-ap-stream -loop-simplify -eliminate-keepreads -extract-dataflow-in-loop -loop-simplify -dce -gvn -deadargelim -dse -duplicate-dataflow-processes -check-dataflow-syntax -legalize-stream-variable -legalize-global -extract-subproc -dce -dead-channel-elimination -canonicalize-gep -globaldce -dce -gvn -hls-dead-arg-elim -deadargelim -directive-preproc -annotate-dataflow-channels -scalar-preprocessing -scalar-propagation2 -deadargelim -globaldce -mem2reg -check-dataflow-channels -function-stream -dce -globaldce -prop-fifo-spec -internal-stream-gen -canonicalize-gep -globaldce -dce -gvn -deadargelim -mergereturn -indvars -loop-simplify -instcombine -array-stream -array-seg-normalize -array-partition -func-legal -instcombine -simplifycfg -dce -bundle-memfifo-ops -deadargelim -function-uniquify -directive-preproc -mem2reg -dse -dce -group-axi-access -licm -simplifycfg -dce -loop-delete -hls-display -norm-name C:/KevinM/project1/project1/fir128/Project1_FIR128/solution1/.autopilot/db/a.o.1.bc -o C:/KevinM/project1/project1/fir128/Project1_FIR128/solution1/.autopilot/db/a.o.1.tmp.bc -f 
INFO-FLOW: Presyn 2...
Execute         transform -hls -keep-callgraph -scalarrepl -mem2reg -port-alignment -attach-range -dce -pipe-mux-gen -indvars -loop-bound -inst-simplify -instcombine -dce -merge-array-access -mem2reg -dce -clean-region -mergereturn -if-conv -instcombine -dce -constprop -basicaa -aggr-aa -aggrmodref-aa -aggr-aa -gvn -gvn -basicaa -aggr-aa -aggrmodref-aa -aggr-aa -dse -adse -adce -scalarrepl -mem2reg -global-constprop -deadargelim -deadargelim -instcombine -dce -simplifycfg -ptrArgReplace -mem2reg -function-inline -globaldce -mem2reg -instcombine -dce -expr-balance -instcombine -dce -bitwidthmin2 -bitwidthmin2 -interface-preproc -directive-preproc -inst-rectify -instcombine -dce -functionattrs -constprop -instcombine -bit-constprop -simplify-global-access -globalopt -globaldce -inst-simplify -instcombine -elimdeaddata -dce -loop-delete -simplifycfg -loop-simplify -auto-burst -barrier -norm-name C:/KevinM/project1/project1/fir128/Project1_FIR128/solution1/.autopilot/db/a.o.1.tmp.bc -o C:/KevinM/project1/project1/fir128/Project1_FIR128/solution1/.autopilot/db/a.o.2.bc -f -phase presyn 
INFO: [HLS 200-111] Finished Loop, function and other optimizations: CPU user time: 1 seconds. CPU system time: 0 seconds. Elapsed time: 0.351 seconds; current allocated memory: 323.109 MB.
Execute         get_config_compile -enable_auto_rewind 
Execute         get_config_compile -enable_loop_extract 
INFO-FLOW: Building ssdm...
Execute         transform -hls -function-uniquify -auto-function-inline -globaldce -ptrArgReplace -mem2reg -dce -reset-lda -loop-simplify -indvars -aggr-aa -licm -loop-dep -loop-bound -licm -loop-simplify -flattenloopnest -array-flatten -gvn -instcombine -dce -array-map -dce -func-legal -gvn -adce -instcombine -cfgopt -simplifycfg -loop-simplify -array-burst -promote-global-argument -dce -array-seg-normalize -basicaa -aggrmodref-aa -globalsmodref-aa -aggr-aa -gvn -gvn -basicaa -aggrmodref-aa -globalsmodref-aa -aggr-aa -dse -adse -adce -licm -inst-simplify -dce -globaldce -instcombine -array-stream -eliminate-keepreads -instcombine -dce -deadargelim -doublePtrSimplify -doublePtrElim -dce -doublePtrSimplify -promote-dbg-pointer -dce -scalarrepl -mem2reg -norm-name -mem2reg -instcombine -dse -adse -adce -ptrLegalization -dce -auto-rom-infer -array-flatten -dce -instcombine -check-doubleptr -loop-rot -constprop -cfgopt -simplifycfg -loop-simplify -indvars -pointer-simplify -dce -loop-bound -loop-simplify -loop-preproc -constprop -global-constprop -gvn -mem2reg -instcombine -dce -loop-bound -loop-merge -dce -deadargelim -dce -canonicalize-dataflow -dce -scalar-propagation2 -deadargelim -globaldce -mem2reg -load-elim -read-loop-dep -loop-simplify -loop-extract-inner -directive-preproc -bitwidthmin2 -bitwidthmin2 -read-loop-dep -interface-preproc -directive-preproc -interface-gen -bram-byte-enable -deadargelim -inst-simplify -dce -gvn -mem2reg -instcombine -dce -adse -loop-bound -instcombine -cfgopt -simplifycfg -loop-simplify -clean-region -io-protocol -find-region -mem2reg -bitop-raise -complex-op-raise -inst-simplify -inst-rectify -instcombine -adce -deadargelim -float-op-raise -loop-simplify -phi-opt -bitop-raise -cfgopt -simplifycfg -strip-dead-prototypes -interface-lower -bitop-lower -intrinsic-lower -auto-function-inline -basicaa -aggrmodref-aa -globalsmodref-aa -aggr-aa -inst-simplify -simplifycfg -loop-simplify -mergereturn -inst-simplify -inst-rectify -dce -load-elim -bitop-lower -float-op-raise -fma-raise -loop-rewind -pointer-simplify -dce -cfgopt -dce -loop-bound -loop-dep -read-loop-dep -dce -dyn-mem-reuse -dce -recurrence-min -dce -check-stream -norm-name -legalize -validate-dataflow -inst-clarity -bitwidth -dump-loop-dep-to-ir -check-all-ssdm -cdfg-build C:/KevinM/project1/project1/fir128/Project1_FIR128/solution1/.autopilot/db/a.o.2.bc -o C:/KevinM/project1/project1/fir128/Project1_FIR128/solution1/.autopilot/db/a.o.3.bc -f -phase build-ssdm 
INFO: [HLS 200-472] Inferring partial write operation for 'shift_reg.V' (fir.cpp:40:15)
INFO: [HLS 200-111] Finished Architecture Synthesis: CPU user time: 0 seconds. CPU system time: 0 seconds. Elapsed time: 0.301 seconds; current allocated memory: 317.071 MB.
INFO-FLOW: Finish building internal data model.
Command       opt_and_import_c done; 1.289 sec.
Command     elaborate done; 28.77 sec.
Execute     ap_eval exec zip -j C:/KevinM/project1/project1/fir128/Project1_FIR128/solution1/.autopilot/db/dut.hcp $dbDir/a.o.3.bc $dbDir/${topname}.rtl_wrap.cfg.tcl $dbDir/apatb_${topname}.cpp $dbDir/apatb_${topname}_util.cpp $dbDir/apatb_${topname}_ir.ll $dbDir/mapper_${topname}.cpp $dbDir/top-io-fe.xml $dbDir/kernel.internal.xml $workdir/../hls.app 
Command     ap_eval done; 0.124 sec.
Execute     autosyn -from_csynth_design=1 
INFO: [HLS 200-10] Starting hardware synthesis ...
INFO-FLOW: Synthesizing C/C++ design ...
INFO: [HLS 200-10] Synthesizing 'fir' ...
Execute       ap_set_top_model fir 
Execute       get_model_list fir -filter all-wo-channel -topdown 
Execute       preproc_iomode -model fir 
Execute       get_model_list fir -filter all-wo-channel 
INFO-FLOW: Model list for configure: fir
INFO-FLOW: Configuring Module : fir ...
Execute       set_default_model fir 
Execute       apply_spec_resource_limit fir 
INFO-FLOW: Model list for preprocess: fir
INFO-FLOW: Preprocessing Module: fir ...
Execute       set_default_model fir 
Execute       cdfg_preprocess -model fir 
Execute       rtl_gen_preprocess fir 
INFO-FLOW: Model list for synthesis: fir
INFO: [HLS 200-10] ----------------------------------------------------------------
INFO: [HLS 200-42] -- Implementing module 'fir' 
INFO: [HLS 200-10] ----------------------------------------------------------------
Execute       set_default_model fir 
Execute       schedule -model fir 
INFO: [SCHED 204-11] Starting scheduling ...
INFO: [HLS 200-486] Changing DSP48 latency (root=mul_ln870) to 3 in order to utilize available DSP registers.
INFO: [SCHED 204-61] Pipelining loop 'Shift_Accum_Loop'.
INFO: [HLS 200-1470] Pipelining result : Target II = 3, Final II = 3, Depth = 5, loop 'Shift_Accum_Loop'
INFO: [SCHED 204-11] Finished scheduling.
Command       schedule done; 0.267 sec.
INFO: [HLS 200-111] Finished Scheduling: CPU user time: 0 seconds. CPU system time: 0 seconds. Elapsed time: 0.701 seconds; current allocated memory: 317.444 MB.
Execute       syn_report -verbosereport -o C:/KevinM/project1/project1/fir128/Project1_FIR128/solution1/.autopilot/db/fir.verbose.sched.rpt 
Execute         AP::get_flow_target_display_name
Execute           get_solution -flow_target 
Command       syn_report done; 0.317 sec.
Execute       db_write -o C:/KevinM/project1/project1/fir128/Project1_FIR128/solution1/.autopilot/db/fir.sched.adb -f 
INFO-FLOW: Finish scheduling fir.
Execute       set_default_model fir 
Execute       bind -model fir 
INFO: [BIND 205-100] Starting micro-architecture generation ...
INFO: [BIND 205-101] Performing variable lifetime analysis.
INFO: [BIND 205-101] Exploring resource sharing.
INFO: [BIND 205-101] Binding ...
INFO: [BIND 205-100] Finished micro-architecture generation.
Command       bind done; 0.233 sec.
INFO: [HLS 200-111] Finished Binding: CPU user time: 1 seconds. CPU system time: 0 seconds. Elapsed time: 0.803 seconds; current allocated memory: 317.771 MB.
Execute       syn_report -verbosereport -o C:/KevinM/project1/project1/fir128/Project1_FIR128/solution1/.autopilot/db/fir.verbose.bind.rpt 
Execute         AP::get_flow_target_display_name
Execute           get_solution -flow_target 
Command       syn_report done; 0.115 sec.
Execute       db_write -o C:/KevinM/project1/project1/fir128/Project1_FIR128/solution1/.autopilot/db/fir.bind.adb -f 
INFO-FLOW: Finish binding fir.
Execute       get_model_list fir -filter all-wo-channel 
INFO-FLOW: Preprocessing for RTLGen ...
Execute       rtl_gen_preprocess fir 
INFO-FLOW: Model list for RTL generation: fir
INFO: [HLS 200-10] ----------------------------------------------------------------
INFO: [HLS 200-10] -- Generating RTL for module 'fir' 
INFO: [HLS 200-10] ----------------------------------------------------------------
Execute       get_config_rtl -module_prefix 
Execute       get_config_rtl -module_prefix 
Execute       get_config_rtl -module_auto_prefix 
Execute       create_rtl_model fir -top_prefix  -sub_prefix fir_ -mg_file C:/KevinM/project1/project1/fir128/Project1_FIR128/solution1/.autopilot/db/fir.compgen.tcl 
WARNING: [RTGEN 206-101] Design contains AXI ports. Reset is fixed to synchronous and active low.
INFO: [RTGEN 206-500] Setting interface mode on port 'fir/gmem' to 'm_axi'.
INFO: [RTGEN 206-500] Setting interface mode on port 'fir/y' to 's_axilite & ap_none'.
INFO: [RTGEN 206-500] Setting interface mode on port 'fir/x' to 's_axilite & ap_none'.
INFO: [RTGEN 206-500] Setting interface mode on function 'fir' to 's_axilite & ap_ctrl_chain'.
INFO: [RTGEN 206-100] Bundling port 'y', 'x' to AXI-Lite port control.
INFO: [RTGEN 206-100] Generating core module 'mac_muladd_5s_10s_10ns_10_4_1': 1 instance(s).
INFO: [RTGEN 206-100] Finished creating RTL model for 'fir'.
Command       create_rtl_model done; 0.141 sec.
INFO: [HLS 200-111] Finished Creating RTL model: CPU user time: 1 seconds. CPU system time: 0 seconds. Elapsed time: 0.563 seconds; current allocated memory: 319.161 MB.
Execute       source C:/KevinM/project1/project1/fir128/Project1_FIR128/solution1/.autopilot/db/fir.rtl_wrap.cfg.tcl 
Execute       gen_rtl fir -istop -style xilinx -f -lang vhdl -o C:/KevinM/project1/project1/fir128/Project1_FIR128/solution1/syn/vhdl/fir 
Execute       gen_rtl fir -istop -style xilinx -f -lang vlog -o C:/KevinM/project1/project1/fir128/Project1_FIR128/solution1/syn/verilog/fir 
Execute       syn_report -csynth -model fir -o C:/KevinM/project1/project1/fir128/Project1_FIR128/solution1/syn/report/fir_csynth.rpt 
Execute         AP::get_flow_target_display_name
Execute           get_solution -flow_target 
Execute       syn_report -rtlxml -model fir -o C:/KevinM/project1/project1/fir128/Project1_FIR128/solution1/syn/report/fir_csynth.xml 
Execute         get_solution -flow_target
Execute           get_solution -flow_target 
Execute       syn_report -verbosereport -model fir -o C:/KevinM/project1/project1/fir128/Project1_FIR128/solution1/.autopilot/db/fir.verbose.rpt 
Execute         AP::get_flow_target_display_name
Execute           get_solution -flow_target 
Command       syn_report done; 0.138 sec.
Execute       db_write -model fir -f -o C:/KevinM/project1/project1/fir128/Project1_FIR128/solution1/.autopilot/db/fir.adb 
Execute       db_write -model fir -bindview -o C:/KevinM/project1/project1/fir128/Project1_FIR128/solution1/.autopilot/db/design.bindinfo.xml 
Execute       gen_tb_info fir -p C:/KevinM/project1/project1/fir128/Project1_FIR128/solution1/.autopilot/db -o C:/KevinM/project1/project1/fir128/Project1_FIR128/solution1/.autopilot/db/fir 
Execute       export_constraint_db -f -tool general -o C:/KevinM/project1/project1/fir128/Project1_FIR128/solution1/.autopilot/db/fir.constraint.tcl 
Execute       syn_report -designview -model fir -o C:/KevinM/project1/project1/fir128/Project1_FIR128/solution1/.autopilot/db/fir.design.xml 
Execute       syn_report -csynthDesign -model fir -o C:/KevinM/project1/project1/fir128/Project1_FIR128/solution1/syn/report/csynth.rpt 
Execute         AP::get_flow_target_display_name
Execute           get_solution -flow_target 
Execute       get_config_rtl -disable_wave_debug 
Execute       syn_report -wcfg -model fir -o C:/KevinM/project1/project1/fir128/Project1_FIR128/solution1/.autopilot/db/fir_dataflow_ana.wcfg 
Execute       syn_report -protoinst -model fir -o C:/KevinM/project1/project1/fir128/Project1_FIR128/solution1/.autopilot/db/fir.protoinst 
Execute       get_config_debug -directory 
Execute       sc_get_clocks fir 
Execute       get_config_export -vivado_clock 
Execute       get_config_rtl -module_prefix 
Execute       get_config_rtl -module_prefix 
Execute       get_config_rtl -module_auto_prefix 
Execute       sc_get_portdomain fir 
INFO-FLOW: Model list for RTL component generation: fir
INFO-FLOW: Handling components in module [fir] ... 
Execute       source C:/KevinM/project1/project1/fir128/Project1_FIR128/solution1/.autopilot/db/fir.compgen.tcl 
INFO-FLOW: Found component fir_mac_muladd_5s_10s_10ns_10_4_1.
INFO-FLOW: Append model fir_mac_muladd_5s_10s_10ns_10_4_1
INFO-FLOW: Found component fir_shift_reg_V.
INFO-FLOW: Append model fir_shift_reg_V
INFO-FLOW: Found component fir_c.
INFO-FLOW: Append model fir_c
INFO-FLOW: Found component fir_control_s_axi.
INFO-FLOW: Append model fir_control_s_axi
INFO-FLOW: Found component fir_gmem_m_axi.
INFO-FLOW: Append model fir_gmem_m_axi
INFO-FLOW: Append model fir
INFO-FLOW: Generating RTL model list ...
INFO-FLOW: All models in this session: fir_mac_muladd_5s_10s_10ns_10_4_1 fir_shift_reg_V fir_c fir_control_s_axi fir_gmem_m_axi fir
INFO-FLOW: Generating C:/KevinM/project1/project1/fir128/Project1_FIR128/solution1/.autopilot/db/autopilot.rtl.models.txt file...
INFO-FLOW: To file: write model fir_mac_muladd_5s_10s_10ns_10_4_1
INFO-FLOW: To file: write model fir_shift_reg_V
INFO-FLOW: To file: write model fir_c
INFO-FLOW: To file: write model fir_control_s_axi
INFO-FLOW: To file: write model fir_gmem_m_axi
INFO-FLOW: To file: write model fir
INFO-FLOW: Generating C:/KevinM/project1/project1/fir128/Project1_FIR128/solution1/.autopilot/db/autopilot.rtl.models.tcl file...
INFO-FLOW: Finished generating RTL model list.


INFO-FLOW: RTL Generation done.
INFO-FLOW: CAS Generation done.
INFO-FLOW: CBC Generation done.
INFO-FLOW: DBG:PROC: ::AESL_AUTOMG::auto_generate_csynth_design
Execute       get_top 
Execute       get_config_export -ipname 
Execute       get_config_export -xo 
Execute       get_config_export -format 
Execute       get_config_rtl -module_auto_prefix 
INFO-FLOW: DBG:PUTS: read_platform_lib C:/KevinM/project1/project1/fir128/Project1_FIR128/solution1/.autopilot/db/global.setting.tcl
Execute       source C:/Xilinx/Vitis_HLS/2021.1/common/technology/generic/autopilot/common.gen 
Execute         source C:/Xilinx/Vitis_HLS/2021.1/common/technology/generic/autopilot/APCoreGen.gen 
Execute       source C:/Xilinx/Vitis_HLS/2021.1/common/technology/generic/autopilot/op.gen 
Execute       source C:/Xilinx/Vitis_HLS/2021.1/common/technology/generic/autopilot/op_simcore.gen 
Execute       source C:/Xilinx/Vitis_HLS/2021.1/common/technology/generic/autopilot/interface.gen 
Execute       source C:/KevinM/project1/project1/fir128/Project1_FIR128/solution1/.autopilot/db/global.setting.tcl 
Execute       source C:/Xilinx/Vitis_HLS/2021.1/common/technology/xilinx/common/xilinx.gen 
Execute         source C:/Xilinx/Vitis_HLS/2021.1/common/technology/xilinx/interface/plb46.gen 
Execute         source C:/Xilinx/Vitis_HLS/2021.1/common/technology/xilinx/interface/axi4.gen 
Execute         source C:/Xilinx/Vitis_HLS/2021.1/common/technology/xilinx/interface/nativeAXI4.gen 
Execute           source C:/Xilinx/Vitis_HLS/2021.1/common/technology/xilinx/interface/saxilite.gen 
Execute           source C:/Xilinx/Vitis_HLS/2021.1/common/technology/xilinx/interface/maxi.gen 
Execute         source C:/Xilinx/Vitis_HLS/2021.1/common/technology/xilinx/scripts/xilinxcoregen.gen 
Execute         source C:/Xilinx/Vitis_HLS/2021.1/common/technology/xilinx/interface/XilEDKCoreGen.gen 
Execute         source C:/Xilinx/Vitis_HLS/2021.1/common/technology/xilinx/ip/dds_compiler.gen 
Execute         source C:/Xilinx/Vitis_HLS/2021.1/common/technology/xilinx/ip/util.gen 
Execute         source C:/Xilinx/Vitis_HLS/2021.1/common/technology/xilinx/ip/xfft.gen 
Command         ap_source done; 0.115 sec.
Execute         source C:/Xilinx/Vitis_HLS/2021.1/common/technology/xilinx/ip/xfir.gen 
Execute         source C:/Xilinx/Vitis_HLS/2021.1/common/technology/xilinx/DSP48/dsp48.gen 
Command       ap_source done; 0.168 sec.
INFO-FLOW: DBG:PUTS:   using AESL_AUTOCG::g_clock_period=10.000 (was NA)
INFO-FLOW: DBG:PROC: ::AESL_AUTOMG::generate_ip_cores gen_sim_model='1' gen_fp_models='0' gen_for_export='0' dstSCDir='' dstVhdlDir='C:/KevinM/project1/project1/fir128/Project1_FIR128/solution1/.autopilot/db/vhdl' dstVlogDir='C:/KevinM/project1/project1/fir128/Project1_FIR128/solution1/.autopilot/db/vlog' tclDir='C:/KevinM/project1/project1/fir128/Project1_FIR128/solution1/.autopilot/db' modelList='fir_mac_muladd_5s_10s_10ns_10_4_1
fir_shift_reg_V
fir_c
fir_control_s_axi
fir_gmem_m_axi
fir
' expOnly='0'
Execute       source C:/KevinM/project1/project1/fir128/Project1_FIR128/solution1/.autopilot/db/global.setting.tcl 
Execute       ap_part_info -name xcvu29p-fsga2577-2L-e -data names -quiet 
Execute       ap_part_info -name xcvu29p-fsga2577-2L-e -data info -quiet 
Execute       source C:/KevinM/project1/project1/fir128/Project1_FIR128/solution1/.autopilot/db/global.setting.tcl 
Execute       source C:/KevinM/project1/project1/fir128/Project1_FIR128/solution1/.autopilot/db/global.setting.tcl 
Execute       source C:/KevinM/project1/project1/fir128/Project1_FIR128/solution1/.autopilot/db/fir.compgen.tcl 
Execute         ap_part_info -name xcvu29p-fsga2577-2L-e -data names -quiet 
Execute         ap_part_info -name xcvu29p-fsga2577-2L-e -data info -quiet 
Execute         ap_part_info -name xcvu29p-fsga2577-2L-e -data info 
INFO: [RTMG 210-278] Implementing memory 'fir_shift_reg_V_ram (RAM)' using auto RAMs with power-on initialization.
Execute         ap_part_info -name xcvu29p-fsga2577-2L-e -data names -quiet 
Execute         ap_part_info -name xcvu29p-fsga2577-2L-e -data info -quiet 
Execute         ap_part_info -name xcvu29p-fsga2577-2L-e -data names -quiet 
Execute         ap_part_info -name xcvu29p-fsga2577-2L-e -data info -quiet 
INFO: [RTMG 210-279] Implementing memory 'fir_c' using auto ROMs.
Execute         ap_part_info -name xcvu29p-fsga2577-2L-e -data names -quiet 
Execute         ap_part_info -name xcvu29p-fsga2577-2L-e -data info -quiet 
Execute         ap_part_info -name xcvu29p-fsga2577-2L-e -data names -quiet 
Execute         ap_part_info -name xcvu29p-fsga2577-2L-e -data info -quiet 
Execute         source ./control.slave.tcl 
Execute         ap_part_info -name xcvu29p-fsga2577-2L-e -data names -quiet 
Execute         ap_part_info -name xcvu29p-fsga2577-2L-e -data info -quiet 
Command       ap_source done; 0.493 sec.
INFO: [HLS 200-111] Finished Generating all RTL models: CPU user time: 1 seconds. CPU system time: 1 seconds. Elapsed time: 1.599 seconds; current allocated memory: 324.286 MB.
INFO-FLOW: DBG:PROC: ::AP::create_csynth_xml outfile=''
INFO-FLOW: Running: create_csynth_xml read xml data
INFO-FLOW: Done: create_csynth_xml read xml data time: 0 seconds per iteration
INFO-FLOW: Running: create_csynth_xml bind info
INFO-FLOW: Done: create_csynth_xml bind info time: 0 seconds per iteration
INFO-FLOW: Running: create_csynth_xml config info
Execute       get_config_op mul -impl 
Execute       get_config_op mul -latency 
Execute       get_config_op mul -precision 
Execute       get_config_op add -impl 
Execute       get_config_op add -latency 
Execute       get_config_op add -precision 
Execute       get_config_op sub -impl 
Execute       get_config_op sub -latency 
Execute       get_config_op sub -precision 
Execute       get_config_op fadd -impl 
Execute       get_config_op fadd -latency 
Execute       get_config_op fadd -precision 
Execute       get_config_op fsub -impl 
Execute       get_config_op fsub -latency 
Execute       get_config_op fsub -precision 
Execute       get_config_op fdiv -impl 
Execute       get_config_op fdiv -latency 
Execute       get_config_op fdiv -precision 
Execute       get_config_op fexp -impl 
Execute       get_config_op fexp -latency 
Execute       get_config_op fexp -precision 
Execute       get_config_op flog -impl 
Execute       get_config_op flog -latency 
Execute       get_config_op flog -precision 
Execute       get_config_op fmul -impl 
Execute       get_config_op fmul -latency 
Execute       get_config_op fmul -precision 
Execute       get_config_op frsqrt -impl 
Execute       get_config_op frsqrt -latency 
Execute       get_config_op frsqrt -precision 
Execute       get_config_op frecip -impl 
Execute       get_config_op frecip -latency 
Execute       get_config_op frecip -precision 
Execute       get_config_op fsqrt -impl 
Execute       get_config_op fsqrt -latency 
Execute       get_config_op fsqrt -precision 
Execute       get_config_op dadd -impl 
Execute       get_config_op dadd -latency 
Execute       get_config_op dadd -precision 
Execute       get_config_op dsub -impl 
Execute       get_config_op dsub -latency 
Execute       get_config_op dsub -precision 
Execute       get_config_op ddiv -impl 
Execute       get_config_op ddiv -latency 
Execute       get_config_op ddiv -precision 
Execute       get_config_op dexp -impl 
Execute       get_config_op dexp -latency 
Execute       get_config_op dexp -precision 
Execute       get_config_op dlog -impl 
Execute       get_config_op dlog -latency 
Execute       get_config_op dlog -precision 
Execute       get_config_op dmul -impl 
Execute       get_config_op dmul -latency 
Execute       get_config_op dmul -precision 
Execute       get_config_op drsqrt -impl 
Execute       get_config_op drsqrt -latency 
Execute       get_config_op drsqrt -precision 
Execute       get_config_op drecip -impl 
Execute       get_config_op drecip -latency 
Execute       get_config_op drecip -precision 
Execute       get_config_op dsqrt -impl 
Execute       get_config_op dsqrt -latency 
Execute       get_config_op dsqrt -precision 
Execute       get_config_op hadd -impl 
Execute       get_config_op hadd -latency 
Execute       get_config_op hadd -precision 
Execute       get_config_op hsub -impl 
Execute       get_config_op hsub -latency 
Execute       get_config_op hsub -precision 
Execute       get_config_op hdiv -impl 
Execute       get_config_op hdiv -latency 
Execute       get_config_op hdiv -precision 
Execute       get_config_op hmul -impl 
Execute       get_config_op hmul -latency 
Execute       get_config_op hmul -precision 
Execute       get_config_op hsqrt -impl 
Execute       get_config_op hsqrt -latency 
Execute       get_config_op hsqrt -precision 
Execute       get_config_op facc -impl 
Execute       get_config_op facc -latency 
Execute       get_config_op facc -precision 
Execute       get_config_op fmacc -impl 
Execute       get_config_op fmacc -latency 
Execute       get_config_op fmacc -precision 
Execute       get_config_op fmadd -impl 
Execute       get_config_op fmadd -latency 
Execute       get_config_op fmadd -precision 
Execute       get_config_storage fifo -auto_srl_max_bits 
Execute       get_config_storage fifo -auto_srl_max_depth 
Execute       get_config_storage fifo -impl 
Execute       get_solution -flow_target 
Execute       get_config_array_partition -complete_threshold 
Execute       get_config_array_partition -throughput_driven 
Execute       get_config_compile -enable_auto_rewind 
Execute       get_config_compile -name_max_length 
Execute       get_config_compile -no_signed_zeros 
Execute       get_config_compile -pipeline_loops 
Execute       get_config_compile -pipeline_style 
Execute       get_config_compile -pragma_strict_mode 
Execute       get_config_compile -pre_tcl 
Execute       get_config_compile -unsafe_math_optimizations 
Execute       get_config_dataflow -default_channel 
Execute       get_config_dataflow -disable_fifo_sizing_opt 
Execute       get_config_dataflow -fifo_depth 
Execute       get_config_dataflow -override_user_fifo_depth 
Execute       get_config_dataflow -scalar_fifo_depth 
Execute       get_config_dataflow -start_fifo_depth 
Execute       get_config_dataflow -strict_mode 
Execute       get_config_dataflow -strict_stable_sync 
Execute       get_config_dataflow -task_level_fifo_depth 
Execute       get_config_debug -directory 
Execute       get_config_debug -enable 
Execute       get_config_export -description 
Execute       get_config_export -disable_deadlock_detection 
Execute       get_config_export -display_name 
Execute       get_config_export -format 
Execute       get_config_export -ip_xdc_file 
Execute       get_config_export -ip_xdc_ooc_file 
Execute       get_config_export -ipname 
Execute       get_config_export -library 
Execute       get_config_export -output 
Execute       get_config_export -rtl 
Execute       get_config_export -taxonomy 
Execute       get_config_export -vendor 
Execute       get_config_export -version 
Execute       get_config_export -vivado_clock 
Execute       get_config_export -vivado_impl_strategy 
Execute       get_config_export -vivado_max_timing_paths 
Execute       get_config_export -vivado_optimization_level 
Execute       get_config_export -vivado_pblock 
Execute       get_config_export -vivado_phys_opt 
Execute       get_config_export -vivado_report_level 
Execute       get_config_export -vivado_synth_design_args 
Execute       get_config_export -vivado_synth_strategy 
Execute       get_config_interface -clock_enable 
Execute       get_config_interface -default_slave_interface 
Execute       get_config_interface -m_axi_addr64 
Execute       get_config_interface -m_axi_alignment_byte_size 
Execute       get_config_interface -m_axi_auto_max_ports 
Execute       get_config_interface -m_axi_buffer_impl 
Execute       get_config_interface -m_axi_conservative_mode 
Execute       get_config_interface -m_axi_flush_mode 
Execute       get_config_interface -m_axi_latency 
Execute       get_config_interface -m_axi_max_bitwidth 
Execute       get_config_interface -m_axi_max_read_burst_length 
Execute       get_config_interface -m_axi_max_widen_bitwidth 
Execute       get_config_interface -m_axi_max_write_burst_length 
Execute       get_config_interface -m_axi_min_bitwidth 
Execute       get_config_interface -m_axi_num_read_outstanding 
Execute       get_config_interface -m_axi_num_write_outstanding 
Execute       get_config_interface -m_axi_offset 
Execute       get_config_interface -register_io 
Execute       get_config_interface -s_axilite_data64 
Execute       get_config_interface -s_axilite_mailbox 
Execute       get_config_interface -s_axilite_status_regs 
Execute       get_config_interface -s_axilite_sw_reset 
Execute       get_config_rtl -header 
Execute       get_config_rtl -kernel_profile 
Execute       get_config_rtl -module_auto_prefix 
Execute       get_config_rtl -module_prefix 
Execute       get_config_rtl -mult_keep_attribute 
Execute       get_config_rtl -register_all_io 
Execute       get_config_rtl -register_reset_num 
Execute       get_config_rtl -reset 
Execute       get_config_rtl -reset_async 
Execute       get_config_rtl -reset_level 
Execute       get_config_schedule -enable_dsp_full_reg 
Execute       get_config_unroll -tripcount_threshold 
INFO-FLOW: Done: create_csynth_xml config info time: 0.2 seconds per iteration
INFO-FLOW: Running: create_csynth_xml write xml
INFO-FLOW: Done: create_csynth_xml write xml time: 0 seconds per iteration
INFO-FLOW: DBG:PUTS:       create_csynth_xml wrote csynth_xml=C:/KevinM/project1/project1/fir128/Project1_FIR128/solution1/syn/report/csynth.xml
INFO-FLOW: DBG:PROC: ::AP::DESIGN_DATA::generate_json generate_bd_files='0' generate_xo_files='0' modelList='fir_mac_muladd_5s_10s_10ns_10_4_1
fir_shift_reg_V
fir_c
fir_control_s_axi
fir_gmem_m_axi
fir
' rtl_lang='both' bootstrap_tcl='false' outdir='' outfilename=''
Execute       source C:/KevinM/project1/project1/fir128/Project1_FIR128/solution1/.autopilot/db/global.setting.tcl 
Execute       source C:/KevinM/project1/project1/fir128/Project1_FIR128/solution1/.autopilot/db/global.setting.tcl 
Execute       get_solution -flow_target 
Execute       source C:/KevinM/project1/project1/fir128/Project1_FIR128/solution1/.autopilot/db/top-io-be.tcl 
Execute       source C:/KevinM/project1/project1/fir128/Project1_FIR128/solution1/.autopilot/db/fir.tbgen.tcl 
Execute       source C:/KevinM/project1/project1/fir128/Project1_FIR128/solution1/.autopilot/db/fir.compgen.dataonly.tcl 
Execute       source C:/KevinM/project1/project1/fir128/Project1_FIR128/solution1/.autopilot/db/fir.compgen.dataonly.tcl 
Execute       source C:/KevinM/project1/project1/fir128/Project1_FIR128/solution1/.autopilot/db/fir.tbgen.tcl 
Execute       source C:/KevinM/project1/project1/fir128/Project1_FIR128/solution1/.autopilot/db/fir.rtl_wrap.cfg.tcl 
Execute       source C:/KevinM/project1/project1/fir128/Project1_FIR128/solution1/.autopilot/db/fir.compgen.dataonly.tcl 
Execute       get_config_export -format 
Execute       ap_part_info -name xcvu29p-fsga2577-2L-e -data names -quiet 
Execute       ap_part_info -name xcvu29p-fsga2577-2L-e -data info -quiet 
Execute       source C:/KevinM/project1/project1/fir128/Project1_FIR128/solution1/.autopilot/db/fir.tbgen.tcl 
Execute       source C:/KevinM/project1/project1/fir128/Project1_FIR128/solution1/.autopilot/db/global.setting.tcl 
Execute       ap_part_info -name xcvu29p-fsga2577-2L-e -data names -quiet 
Execute       ap_part_info -name xcvu29p-fsga2577-2L-e -data info -quiet 
Execute       get_solution -flow_target 
Execute       get_config_rtl -kernel_profile 
Execute       get_config_rtl -kernel_profile 
Execute       get_config_rtl -stall_sig_gen 
Execute       get_config_rtl -profile 
Execute       source C:/KevinM/project1/project1/fir128/Project1_FIR128/solution1/.autopilot/db/fir.constraint.tcl 
Execute       sc_get_clocks fir 
Execute       source C:/KevinM/project1/project1/fir128/Project1_FIR128/solution1/.autopilot/db/global.setting.tcl 
Execute       get_config_export -ip_xdc_file 
Execute       get_config_export -ip_xdc_ooc_file 
Execute       get_config_debug -directory 
Execute       source C:/KevinM/project1/project1/fir128/Project1_FIR128/solution1/impl/misc/fir_fadd_32ns_32ns_32_3_full_dsp_1_ip.tcl 
Execute       source C:/KevinM/project1/project1/fir128/Project1_FIR128/solution1/impl/misc/fir_fmul_32ns_32ns_32_2_max_dsp_1_ip.tcl 
Execute       source C:/KevinM/project1/project1/fir128/Project1_FIR128/solution1/impl/misc/fir_sitofp_32ns_32_2_no_dsp_1_ip.tcl 
Execute       source C:/KevinM/project1/project1/fir128/Project1_FIR128/solution1/impl/misc/fir_sitofp_32s_32_2_no_dsp_1_ip.tcl 
Execute       source C:/KevinM/project1/project1/fir128/Project1_FIR128/solution1/impl/misc/fir_sitofp_64s_32_2_no_dsp_1_ip.tcl 
INFO-FLOW: DBG:PROC: ::AP::add_csynth_report_sections
INFO-FLOW: DBG:PUTS:       update_csynth_reports json2reportxml
INFO-FLOW: DBG:PUTS:       update_csynth_reports wrote xml
INFO-FLOW: DBG:PUTS:       update_csynth_reports appended to csynth rpt file
INFO: [HLS 200-111] Finished Updating report files: CPU user time: 1 seconds. CPU system time: 0 seconds. Elapsed time: 1.223 seconds; current allocated memory: 329.276 MB.
INFO: [VHDL 208-304] Generating VHDL RTL for fir.
INFO: [VLOG 209-307] Generating Verilog RTL for fir.
Execute       syn_report -model fir -printsummary 
INFO: [HLS 200-790] **** Loop Constraint Status: All loop constraints were satisfied.
INFO: [HLS 200-789] **** Estimated Fmax: 136.99 MHz
Command     autosyn done; 4.828 sec.
Command   csynth_design done; 33.738 sec.
INFO: [HLS 200-111] Finished Command csynth_design CPU user time: 8 seconds. CPU system time: 1 seconds. Elapsed time: 34.015 seconds; current allocated memory: 329.262 MB.
Command ap_source done; 38.25 sec.
Execute cleanup_all 
